This file contains any messages produced by compilers while
running configure, to aid debugging if configure makes a mistake.

It was created by configure, which was
generated by GNU Autoconf 2.52.20200111.  Invocation command line was

  $ ./configure 

## ---------- ##
## Platform.  ##
## ---------- ##

hostname = Leos-MBP
uname -m = x86_64
uname -r = 19.4.0
uname -s = Darwin
uname -v = Darwin Kernel Version 19.4.0: Wed Mar  4 22:28:40 PST 2020; root:xnu-6153.101.6~15/RELEASE_X86_64

/usr/bin/uname -p = i386
/bin/uname -X     = unknown

/bin/arch              = unknown
/usr/bin/arch -k       = unknown
/usr/convex/getsysinfo = unknown
hostinfo               = Mach kernel version:
	 Darwin Kernel Version 19.4.0: Wed Mar  4 22:28:40 PST 2020; root:xnu-6153.101.6~15/RELEASE_X86_64
Kernel configured for up to 4 processors.
2 processors are physically available.
4 processors are logically available.
Processor type: x86_64h (Intel x86-64h Haswell)
Processors active: 0 1 2 3
Primary memory available: 8.00 gigabytes
Default processor set: 378 tasks, 1665 threads, 4 processors
Load average: 4.95, Mach factor: 0.90
/bin/machine           = unknown
/usr/bin/oslevel       = unknown
/bin/universe          = unknown

PATH = /usr/local/opt/libpq/bin:/Users/leo/.nvm/versions/node/v10.16.3/bin:/usr/local/bin:/usr/bin:/bin:/usr/sbin:/sbin:/Library/Apple/usr/bin

## ------------ ##
## Core tests.  ##
## ------------ ##

configure:1155: PATH=".;."; conftest.sh
./configure: line 1156: conftest.sh: command not found
configure:1158: $? = 127
configure:1171: checking for egrep
configure:1181: result: grep -E
configure:1195: result: Configuring NCURSES 6.2 ABI 6 (Fri Apr 10 20:22:38 EDT 2020)
configure:1199: checking for package version
configure:1220: result: 6.2
configure:1223: checking for package patch date
configure:1240: result: 20200404
configure:1251: testing ABI VERSION 5:0:10 ...
configure:1255: testing VERSION_MAJOR 6 ...
configure:1259: testing VERSION_MINOR 2 ...
configure:1263: testing VERSION_PATCH 20200404 ...
configure:1405: checking build system type
configure:1423: result: x86_64-apple-darwin19.4.0
configure:1430: checking host system type
configure:1444: result: x86_64-apple-darwin19.4.0
configure:1452: checking target system type
configure:1466: result: x86_64-apple-darwin19.4.0
configure:1498: result: Configuring for darwin19.4.0
configure:1524: checking for prefix
configure:1536: result: /usr/local
configure:1665: checking for gnatgcc
configure:1691: result: no
configure:1665: checking for gcc
configure:1680: found /usr/bin/gcc
configure:1688: result: gcc
configure:1706: checking for C compiler version
configure:1709: gcc --version </dev/null >&5
Configured with: --prefix=/Applications/Xcode.app/Contents/Developer/usr --with-gxx-include-dir=/Applications/Xcode.app/Contents/Developer/Platforms/MacOSX.platform/Developer/SDKs/MacOSX.sdk/usr/include/c++/4.2.1
Apple clang version 11.0.3 (clang-1103.0.32.29)
Target: x86_64-apple-darwin19.4.0
Thread model: posix
InstalledDir: /Applications/Xcode.app/Contents/Developer/Toolchains/XcodeDefault.xctoolchain/usr/bin
configure:1712: $? = 0
configure:1714: gcc -v </dev/null >&5
Configured with: --prefix=/Applications/Xcode.app/Contents/Developer/usr --with-gxx-include-dir=/Applications/Xcode.app/Contents/Developer/Platforms/MacOSX.platform/Developer/SDKs/MacOSX.sdk/usr/include/c++/4.2.1
Apple clang version 11.0.3 (clang-1103.0.32.29)
Target: x86_64-apple-darwin19.4.0
Thread model: posix
InstalledDir: /Applications/Xcode.app/Contents/Developer/Toolchains/XcodeDefault.xctoolchain/usr/bin
configure:1717: $? = 0
configure:1719: gcc -V </dev/null >&5
clang: error: unsupported option '-V -Wno-objc-signed-char-bool-implicit-int-conversion'
clang: error: no input files
configure:1722: $? = 1
configure:1742: checking for C compiler default output
configure:1745: gcc    conftest.c  >&5
configure:1748: $? = 0
configure:1777: result: a.out
configure:1782: checking whether the C compiler works
configure:1788: ./a.out
configure:1791: $? = 0
configure:1806: result: yes
configure:1813: checking whether we are cross compiling
configure:1815: result: no
configure:1818: checking for executable suffix
configure:1820: gcc -o conftest    conftest.c  >&5
configure:1823: $? = 0
configure:1845: result: 
configure:1851: checking for object suffix
configure:1869: gcc -c   conftest.c >&5
configure:1872: $? = 0
configure:1891: result: o
configure:1895: checking whether we are using the GNU C compiler
configure:1916: gcc -c   conftest.c >&5
configure:1919: $? = 0
configure:1922: test -s conftest.o
configure:1925: $? = 0
configure:1937: result: yes
configure:1943: checking whether gcc accepts -g
configure:1961: gcc -c -g  conftest.c >&5
configure:1964: $? = 0
configure:1967: test -s conftest.o
configure:1970: $? = 0
configure:1980: result: yes
configure:2007: gcc -c -g -O2  conftest.c >&5
conftest.c:2:3: error: unknown type name 'choke'
  choke me
  ^
conftest.c:2:11: error: expected ';' after top level declarator
  choke me
          ^
          ;
2 errors generated.
configure:2010: $? = 1
configure: failed program was:
#ifndef __cplusplus
  choke me
#endif
configure:2111: checking version of gcc
configure:2115: result: 11.0.3
configure:2175: checking if this is really Clang C compiler
configure:2197: gcc -c -g -O2 -Qunused-arguments  conftest.c >&5
configure:2200: $? = 0
configure:2203: test -s conftest.o
configure:2206: $? = 0
configure:2217: result: yes
configure:2221: checking for gcc option to accept ANSI C
configure:2278: gcc  -c -g -O2 -Qunused-arguments  conftest.c >&5
configure:2281: $? = 0
configure:2284: test -s conftest.o
configure:2287: $? = 0
configure:2304: result: none needed
configure:2315: checking $CFLAGS variable
configure:2429: result: ok
configure:2434: checking $CC variable
configure:2569: result: ok
configure:2580: checking how to run the C preprocessor
configure:2606: gcc -E  conftest.c
configure:2612: $? = 0
configure:2639: gcc -E  conftest.c
configure:2636:10: fatal error: 'ac_nonexistent.h' file not found
#include <ac_nonexistent.h>
         ^~~~~~~~~~~~~~~~~~
1 error generated.
configure:2645: $? = 1
configure: failed program was:
#line 2635 "configure"
#include "confdefs.h"
#include <ac_nonexistent.h>
configure:2682: result: gcc -E
configure:2697: gcc -E  conftest.c
configure:2703: $? = 0
configure:2730: gcc -E  conftest.c
configure:2727:10: fatal error: 'ac_nonexistent.h' file not found
#include <ac_nonexistent.h>
         ^~~~~~~~~~~~~~~~~~
1 error generated.
configure:2736: $? = 1
configure: failed program was:
#line 2726 "configure"
#include "confdefs.h"
#include <ac_nonexistent.h>
configure:2777: checking whether gcc needs -traditional
configure:2800:10: fatal error: 'termio.h' file not found
#include <termio.h>
         ^~~~~~~~~~
1 error generated.
configure:2812: result: no
configure:2819: checking whether gcc understands -c and -o together
configure:2834: gcc -g -O2 -Qunused-arguments  -c conftest.c -o conftest2.o >&5
configure:2837: $? = 0
configure:2839: gcc -g -O2 -Qunused-arguments  -c conftest.c -o conftest2.o >&5
configure:2842: $? = 0
configure:2853: result: yes
configure:2870: checking for ldconfig
configure:2901: result: no
configure:2909: checking if you want to ensure bool is consistent with C++
configure:2919: result: yes
configure:2976: checking for g++
configure:2991: found /usr/bin/g++
configure:2999: result: g++
configure:3014: checking for C++ compiler version
configure:3017: g++ --version </dev/null >&5
Configured with: --prefix=/Applications/Xcode.app/Contents/Developer/usr --with-gxx-include-dir=/Applications/Xcode.app/Contents/Developer/Platforms/MacOSX.platform/Developer/SDKs/MacOSX.sdk/usr/include/c++/4.2.1
Apple clang version 11.0.3 (clang-1103.0.32.29)
Target: x86_64-apple-darwin19.4.0
Thread model: posix
InstalledDir: /Applications/Xcode.app/Contents/Developer/Toolchains/XcodeDefault.xctoolchain/usr/bin
configure:3020: $? = 0
configure:3022: g++ -v </dev/null >&5
Configured with: --prefix=/Applications/Xcode.app/Contents/Developer/usr --with-gxx-include-dir=/Applications/Xcode.app/Contents/Developer/Platforms/MacOSX.platform/Developer/SDKs/MacOSX.sdk/usr/include/c++/4.2.1
Apple clang version 11.0.3 (clang-1103.0.32.29)
Target: x86_64-apple-darwin19.4.0
Thread model: posix
InstalledDir: /Applications/Xcode.app/Contents/Developer/Toolchains/XcodeDefault.xctoolchain/usr/bin
configure:3025: $? = 0
configure:3027: g++ -V </dev/null >&5
clang: error: unsupported option '-V -Wno-objc-signed-char-bool-implicit-int-conversion'
clang: error: no input files
configure:3030: $? = 1
configure:3033: checking whether we are using the GNU C++ compiler
configure:3054: g++ -c   conftest.cc >&5
configure:3057: $? = 0
configure:3060: test -s conftest.o
configure:3063: $? = 0
configure:3075: result: yes
configure:3081: checking whether g++ accepts -g
configure:3099: g++ -c -g  conftest.cc >&5
configure:3102: $? = 0
configure:3105: test -s conftest.o
configure:3108: $? = 0
configure:3118: result: yes
configure:3158: g++ -c -g -O2  conftest.cc >&5
configure:3161: $? = 0
configure:3164: test -s conftest.o
configure:3167: $? = 0
configure:3189: g++ -c -g -O2  conftest.cc >&5
configure:3182:1: error: use of undeclared identifier 'exit'
exit (42);
^
1 error generated.
configure:3192: $? = 1
configure: failed program was:
#line 3177 "configure"
#include "confdefs.h"

int
main (void)
{
exit (42);
  ;
  return 0;
}
configure:3158: g++ -c -g -O2  conftest.cc >&5
configure:3161: $? = 0
configure:3164: test -s conftest.o
configure:3167: $? = 0
configure:3189: g++ -c -g -O2  conftest.cc >&5
configure:3192: $? = 0
configure:3195: test -s conftest.o
configure:3198: $? = 0
configure:3232: checking if g++ works
configure:3257: g++ -c -g -O2  -I/usr/local/include conftest.cc >&5
configure:3260: $? = 0
configure:3263: test -s conftest.o
configure:3266: $? = 0
configure:3277: result: yes
configure:3297: checking for g++
configure:3314: found /usr/bin/g++
configure:3325: result: /usr/bin/g++
configure:3344: checking version of /usr/bin/g++
configure:3352: result: 11.0.3
configure:3360: WARNING: templates do not work
configure:3365: checking if you want to build C++ binding and demo
configure:3375: result: yes
configure:3378: checking if you want to build with Ada
configure:3380: result: yes
configure:3383: checking if you want to install terminal database
configure:3393: result: yes
configure:3396: checking if you want to install manpages
configure:3406: result: yes
configure:3409: checking if you want to build programs such as tic
configure:3419: result: yes
configure:3447: checking if you want to build test-programs
configure:3457: result: yes
configure:3460: checking if you wish to install curses.h
configure:3470: result: yes
configure:3495: checking for mawk
configure:3521: result: no
configure:3495: checking for gawk
configure:3521: result: no
configure:3495: checking for nawk
configure:3521: result: no
configure:3495: checking for awk
configure:3510: found /usr/bin/awk
configure:3518: result: awk
configure:3532: checking for egrep
configure:3542: result: grep -E
configure:3562: checking for a BSD compatible install
configure:3611: result: /usr/bin/install -c
configure:3636: checking for lint
configure:3662: result: no
configure:3636: checking for cppcheck
configure:3662: result: no
configure:3636: checking for splint
configure:3662: result: no
configure:3675: checking whether ln -s works
configure:3679: result: yes
configure:3686: checking if ln -s -f options work
configure:3698: result: yes
configure:3703: checking for long file names
configure:3742: result: yes
configure:3771: checking if you want to use pkg-config
configure:3781: result: yes
configure:3833: checking for pkg-config
configure:3850: found /usr/local/bin/pkg-config
configure:3862: result: /usr/local/bin/pkg-config
configure:3925: checking for /usr/local/bin/pkg-config library directory
configure:3980: testing list... ...
configure:3986: testing checking /usr/local/lib/*-linux-gnu/pkgconfig ...
configure:3986: testing checking /usr/local/share/pkgconfig ...
configure:3991: checking done
configure:4002: result: /usr/local/share/pkgconfig
configure:4008: checking if we should install .pc files for /usr/local/bin/pkg-config
configure:4022: result: no
configure:4095: checking if we should assume mixed-case filenames
configure:4105: result: auto
configure:4109: checking if filesystem supports mixed-case filenames
configure:4136: result: no
configure:4155: checking whether make sets ${MAKE}
configure:4175: result: yes
configure:4188: checking for exctags
configure:4214: result: no
configure:4188: checking for ctags
configure:4203: found /usr/bin/ctags
configure:4211: result: ctags
configure:4225: checking for exetags
configure:4251: result: no
configure:4225: checking for etags
configure:4251: result: no
configure:4260: checking for ctags
configure:4275: found /usr/bin/ctags
configure:4284: result: yes
configure:4341: checking for makeflags variable
configure:4379: result: 
configure:4420: checking for ranlib
configure:4435: found /usr/bin/ranlib
configure:4444: result: ranlib
configure:4494: checking for ld
configure:4509: found /usr/bin/ld
configure:4518: result: ld
configure:4568: checking for ar
configure:4583: found /usr/bin/ar
configure:4592: result: ar
configure:4642: checking for nm
configure:4657: found /usr/bin/nm
configure:4666: result: nm
configure:4716: checking for ar
configure:4740: result: ar
configure:4752: checking for options to update archives
configure:4792: gcc -c -g -O2 -Qunused-arguments  conftest.c >&5
configure:4795: $? = 0
ar  -curvU conftest.a conftest.o
/Applications/Xcode.app/Contents/Developer/Toolchains/XcodeDefault.xctoolchain/usr/bin/ar: illegal option -- U
usage:  ar -d [-TLsv] archive file ...
	ar -m [-TLsv] archive file ...
	ar -m [-abiTLsv] position archive file ...
	ar -p [-TLsv] archive [file ...]
	ar -q [-cTLsv] archive file ...
	ar -r [-cuTLsv] archive file ...
	ar -r [-abciuTLsv] position archive file ...
	ar -t [-TLsv] archive [file ...]
	ar -x [-ouTLsv] archive [file ...]
configure:4792: gcc -c -g -O2 -Qunused-arguments  conftest.c >&5
configure:4795: $? = 0
ar  -curv conftest.a conftest.o
configure:4816: result: -curv
configure:4827: checking if you have specified an install-prefix
configure:4840: result: 
configure:4997: checking if libtool -version-number should be used
configure:5014: result: yes
configure:5063: checking if you want to build libraries with libtool
configure:5073: result: no
configure:5371: checking if you want to build shared libraries
configure:5381: result: no
configure:5385: checking if you want to build static libraries
configure:5395: result: yes
configure:5399: checking if you want to build debug libraries
configure:5409: result: yes
configure:5413: checking if you want to build profiling libraries
configure:5423: result: no
configure:5448: checking for specified models
configure:5452: result:  normal debug
configure:5457: checking for default model
configure:5460: result: normal
configure:5474: checking if you want to have a library-prefix
configure:5484: result: auto
configure:5515: checking for PATH separator
configure:5522: result: :
configure:5527: checking if you want to build a separate terminfo library
configure:5537: result: no
configure:5540: checking if you want to build a separate tic library
configure:5550: result: no
configure:5563: checking for default loader flags
configure:5572: result: 
configure:5612: checking for an rpath option
configure:5643: result: 
configure:5722: checking if release/abi version should be used for shared libs
configure:5748: result: auto
configure:5771: checking which gcc option to use
configure:5790: gcc -c -g -O2 -Qunused-arguments -fPIC  conftest.c >&5
configure:5793: $? = 0
configure:5796: test -s conftest.o
configure:5799: $? = 0
configure:5808: result: -fPIC
configure:5879: checking if ld -search_paths_first works
configure:5900: gcc -o conftest -g -O2 -Qunused-arguments   -Wl,-search_paths_first conftest.c  >&5
configure:5903: $? = 0
configure:5906: test -s conftest
configure:5909: $? = 0
configure:5920: result: yes
configure:6256: checking if CFLAGS option -no-cpp-precomp works
configure:6258: gcc -c -g -O2 -Qunused-arguments -no-cpp-precomp  conftest.c >&5
configure:6261: $? = 0
configure:6263: result: yes
configure:6282: testing CC_SHARED_OPTS: -dynamic ...
configure:6286: testing MK_SHARED_LIB:  ${CC} ${LDFLAGS} ${CFLAGS} -dynamiclib -install_name ${libdir}/`basename $@` -compatibility_version ${ABI_VERSION} -current_version ${ABI_VERSION} -o $@ ...
configure:6538: checking if you want to link with the GPM mouse library
configure:6548: result: maybe
configure:6552: checking for gpm.h
configure:6562: gcc -E  conftest.c
configure:6559:10: fatal error: 'gpm.h' file not found
#include <gpm.h>
         ^~~~~~~
1 error generated.
configure:6568: $? = 1
configure: failed program was:
#line 6558 "configure"
#include "confdefs.h"
#include <gpm.h>
configure:6587: result: no
configure:7128: checking if you want to use PCRE2 for regular-expressions
configure:7137: result: no
configure:7690: checking if you want to disable library suffixes
configure:7707: result: no
configure:7971: checking if you wish to append extra suffix to header/library paths
configure:7990: result: 
configure:7994: checking if you wish to install ncurses overwriting curses
configure:8004: result: no
configure:8007: checking if external terminfo-database is used
configure:8017: result: yes
configure:8033: checking which terminfo source-file will be installed
configure:8041: result: ${top_srcdir}/misc/terminfo.src
configure:8044: checking whether to use hashed database instead of directory/tree
configure:8054: result: no
configure:8060: checking for list of fallback descriptions
configure:8070: result: 
configure:8418: checking if you want modern xterm or antique
configure:8432: result: xterm-new
configure:8436: checking if xterm backspace sends BS or DEL
configure:8457: result: BS
configure:8467: checking for list of terminfo directories
configure:8530: result: /usr/local/share/terminfo
configure:8545: checking for default terminfo directory
configure:8590: result: /usr/local/share/terminfo
configure:8601: checking if big-core option selected
configure:8627: gcc -o conftest -g -O2 -Qunused-arguments -no-cpp-precomp   -Wl,-search_paths_first conftest.c  >&5
configure:8630: $? = 0
configure:8632: ./conftest
configure:8635: $? = 0
configure:8647: result: yes
configure:8657: checking if big-strings option selected
configure:8681: result: yes
configure:8688: checking if you want termcap-fallback support
configure:8698: result: no
configure:8832: checking if ~/.terminfo is wanted
configure:8842: result: yes
configure:8849: checking if you want to use restricted environment when running as root
configure:8859: result: yes
configure:8874: checking for unistd.h
configure:8884: gcc -E  conftest.c
configure:8890: $? = 0
configure:8909: result: yes
configure:8924: checking for remove
configure:8961: gcc -o conftest -g -O2 -Qunused-arguments -no-cpp-precomp   -Wl,-search_paths_first conftest.c  >&5
configure:8964: $? = 0
configure:8967: test -s conftest
configure:8970: $? = 0
configure:8980: result: yes
configure:8924: checking for unlink
configure:8961: gcc -o conftest -g -O2 -Qunused-arguments -no-cpp-precomp   -Wl,-search_paths_first conftest.c  >&5
configure:8964: $? = 0
configure:8967: test -s conftest
configure:8970: $? = 0
configure:8980: result: yes
configure:9064: checking if link/symlink functions work
configure:9107: gcc -o conftest -g -O2 -Qunused-arguments -no-cpp-precomp   -Wl,-search_paths_first conftest.c  >&5
configure:9110: $? = 0
configure:9112: ./conftest
configure:9115: $? = 0
configure:9107: gcc -o conftest -g -O2 -Qunused-arguments -no-cpp-precomp   -Wl,-search_paths_first conftest.c  >&5
configure:9110: $? = 0
configure:9112: ./conftest
configure:9115: $? = 0
configure:9133: result:  link symlink
configure:9153: checking if tic should use symbolic links
configure:9163: result: no
configure:9170: checking if tic should use hard links
configure:9177: result: yes
configure:9193: checking if you want broken-linker support code
configure:9203: result: no
configure:9217: checking if tputs should process BSD-style prefix padding
configure:9227: result: no
configure:9246: checking if the POSIX test-macros are already defined
configure:9272: gcc -c -g -O2 -Qunused-arguments -no-cpp-precomp  conftest.c >&5
configure:9275: $? = 0
configure:9278: test -s conftest.o
configure:9281: $? = 0
configure:9292: result: no
configure:10710: testing add to $CPPFLAGS -D_DARWIN_C_SOURCE ...
configure:11024: checking if SIGWINCH is defined
configure:11046: gcc -c -g -O2 -Qunused-arguments -no-cpp-precomp -D_DARWIN_C_SOURCE conftest.c >&5
configure:11049: $? = 0
configure:11052: test -s conftest.o
configure:11055: $? = 0
configure:11103: result: yes
configure:11173: checking for nl_langinfo and CODESET
configure:11191: gcc -o conftest -g -O2 -Qunused-arguments -no-cpp-precomp -D_DARWIN_C_SOURCE  -Wl,-search_paths_first conftest.c  >&5
configure:11194: $? = 0
configure:11197: test -s conftest
configure:11200: $? = 0
configure:11211: result: yes
configure:11225: checking if you want wide-character code
configure:11235: result: no
configure:12541: checking whether to enable _LP64 definition in curses.h
configure:12551: result: yes
configure:12567: checking for special C compiler options needed for large files
configure:12641: result: no
configure:12647: checking for _FILE_OFFSET_BITS value needed for large files
configure:12675: gcc -c -g -O2 -Qunused-arguments -no-cpp-precomp -D_DARWIN_C_SOURCE conftest.c >&5
configure:12678: $? = 0
configure:12681: test -s conftest.o
configure:12684: $? = 0
configure:12734: result: no
configure:12744: checking for _LARGE_FILES value needed for large files
configure:12772: gcc -c -g -O2 -Qunused-arguments -no-cpp-precomp -D_DARWIN_C_SOURCE conftest.c >&5
configure:12775: $? = 0
configure:12778: test -s conftest.o
configure:12781: $? = 0
configure:12831: result: no
configure:12844: checking for _LARGEFILE_SOURCE value needed for large files
configure:12864: gcc -c -g -O2 -Qunused-arguments -no-cpp-precomp -D_DARWIN_C_SOURCE conftest.c >&5
configure:12857:9: warning: address of function 'fseeko' will always evaluate to 'true' [-Wpointer-bool-conversion]
return !fseeko;
       ~^~~~~~
configure:12857:9: note: prefix with the address-of operator to silence this warning
return !fseeko;
        ^
        &
1 warning generated.
configure:12867: $? = 0
configure:12870: test -s conftest.o
configure:12873: $? = 0
configure:12915: result: no
configure:12929: checking for fseeko
configure:12947: gcc -o conftest -g -O2 -Qunused-arguments -no-cpp-precomp -D_DARWIN_C_SOURCE  -Wl,-search_paths_first conftest.c  >&5
configure:12940:8: warning: address of function 'fseeko' will always evaluate to 'true' [-Wpointer-bool-conversion]
return fseeko && fseeko (stdin, 0, 0);
       ^~~~~~ ~~
configure:12940:8: note: prefix with the address-of operator to silence this warning
return fseeko && fseeko (stdin, 0, 0);
       ^
       &
1 warning generated.
configure:12950: $? = 0
configure:12953: test -s conftest
configure:12956: $? = 0
configure:12966: result: yes
configure:13005: checking whether to use struct dirent64
configure:13035: gcc -c -g -O2 -Qunused-arguments -no-cpp-precomp -D_DARWIN_C_SOURCE conftest.c >&5
configure:13023:28: error: conflicting types for 'readdir'
                extern struct dirent64 * readdir(DIR *);
                                         ^
/Applications/Xcode.app/Contents/Developer/Platforms/MacOSX.platform/Developer/SDKs/MacOSX.sdk/usr/include/dirent.h:109:16: note: previous declaration is here
struct dirent *readdir(DIR *) __DARWIN_INODE64(readdir);
               ^
configure:13026:13: error: 'struct dirent64 *' and 'struct dirent *' are not pointers to compatible types
                int z = x - y;
                        ~ ^ ~
2 errors generated.
configure:13038: $? = 1
configure: failed program was:
#line 13012 "configure"
#include "confdefs.h"

#pragma GCC diagnostic error "-Wincompatible-pointer-types"
#include <sys/types.h>
#include <dirent.h>

int
main (void)
{

		/* if transitional largefile support is setup, this is true */
		extern struct dirent64 * readdir(DIR *);
		struct dirent64 *x = readdir((DIR *)0);
		struct dirent *y = readdir((DIR *)0);
		int z = x - y;
		(void)z;

  ;
  return 0;
}
configure:13055: result: no
configure:13065: checking if you want tparm not to use X/Open fixed-parameter list
configure:13075: result: yes
configure:13099: checking if you want to suppress wattr* macros to help with ncurses5/ncurses6 transition
configure:13115: result: no
configure:13119: checking for X11 rgb file
configure:13191: result: ${exec_prefix}/lib/X11/rgb.txt
configure:13205: checking for type of bool
configure:13215: result: auto
configure:13218: checking for alternate terminal capabilities file
configure:13229: result: Caps
configure:13233: checking for type of chtype
configure:13243: result: uint32_t
configure:13247: checking for type of ospeed
configure:13257: result: short
configure:13261: checking for type of mmask_t
configure:13271: result: uint32_t
configure:13275: checking for size CCHARW_MAX
configure:13285: result: 5
configure:13288: checking for ANSI C header files
configure:13302: gcc -E -D_DARWIN_C_SOURCE conftest.c
configure:13308: $? = 0
configure:13395: gcc -o conftest -g -O2 -Qunused-arguments -no-cpp-precomp -D_DARWIN_C_SOURCE  -Wl,-search_paths_first conftest.c  >&5
configure:13398: $? = 0
configure:13400: ./conftest
configure:13403: $? = 0
configure:13416: result: yes
configure:13432: checking for sys/types.h
configure:13444: gcc -c -g -O2 -Qunused-arguments -no-cpp-precomp -D_DARWIN_C_SOURCE conftest.c >&5
configure:13447: $? = 0
configure:13450: test -s conftest.o
configure:13453: $? = 0
configure:13463: result: yes
configure:13432: checking for sys/stat.h
configure:13444: gcc -c -g -O2 -Qunused-arguments -no-cpp-precomp -D_DARWIN_C_SOURCE conftest.c >&5
configure:13447: $? = 0
configure:13450: test -s conftest.o
configure:13453: $? = 0
configure:13463: result: yes
configure:13432: checking for stdlib.h
configure:13444: gcc -c -g -O2 -Qunused-arguments -no-cpp-precomp -D_DARWIN_C_SOURCE conftest.c >&5
configure:13447: $? = 0
configure:13450: test -s conftest.o
configure:13453: $? = 0
configure:13463: result: yes
configure:13432: checking for string.h
configure:13444: gcc -c -g -O2 -Qunused-arguments -no-cpp-precomp -D_DARWIN_C_SOURCE conftest.c >&5
configure:13447: $? = 0
configure:13450: test -s conftest.o
configure:13453: $? = 0
configure:13463: result: yes
configure:13432: checking for memory.h
configure:13444: gcc -c -g -O2 -Qunused-arguments -no-cpp-precomp -D_DARWIN_C_SOURCE conftest.c >&5
configure:13447: $? = 0
configure:13450: test -s conftest.o
configure:13453: $? = 0
configure:13463: result: yes
configure:13432: checking for strings.h
configure:13444: gcc -c -g -O2 -Qunused-arguments -no-cpp-precomp -D_DARWIN_C_SOURCE conftest.c >&5
configure:13447: $? = 0
configure:13450: test -s conftest.o
configure:13453: $? = 0
configure:13463: result: yes
configure:13432: checking for inttypes.h
configure:13444: gcc -c -g -O2 -Qunused-arguments -no-cpp-precomp -D_DARWIN_C_SOURCE conftest.c >&5
configure:13447: $? = 0
configure:13450: test -s conftest.o
configure:13453: $? = 0
configure:13463: result: yes
configure:13432: checking for stdint.h
configure:13444: gcc -c -g -O2 -Qunused-arguments -no-cpp-precomp -D_DARWIN_C_SOURCE conftest.c >&5
configure:13447: $? = 0
configure:13450: test -s conftest.o
configure:13453: $? = 0
configure:13463: result: yes
configure:13432: checking for unistd.h
configure:13463: result: yes
configure:13473: checking for signed char
configure:13494: gcc -c -g -O2 -Qunused-arguments -no-cpp-precomp -D_DARWIN_C_SOURCE conftest.c >&5
configure:13497: $? = 0
configure:13500: test -s conftest.o
configure:13503: $? = 0
configure:13513: result: yes
configure:13516: checking size of signed char
configure:13680: gcc -o conftest -g -O2 -Qunused-arguments -no-cpp-precomp -D_DARWIN_C_SOURCE  -Wl,-search_paths_first conftest.c  >&5
configure:13705:19: warning: format specifies type 'int' but the argument has type 'unsigned long' [-Wformat]
fprintf (f, "%d", (sizeof (signed char)));
             ~~   ^~~~~~~~~~~~~~~~~~~~~~
             %lu
1 warning generated.
configure:13683: $? = 0
configure:13685: ./conftest
configure:13688: $? = 0
configure:13704: result: 1
configure:13715: checking if you want to use signed Boolean array in term.h
configure:13725: result: no
configure:13730: checking for type of tparm args
configure:13740: result: intptr_t
configure:13744: checking if RCS identifiers should be compiled-in
configure:13754: result: no
configure:13763: checking format of man-pages
configure:13852: result:  normal
configure:13859: checking for manpage renaming
configure:13901: result: no
configure:13904: checking if manpage aliases will be installed
configure:13915: result: yes
configure:13929: checking if manpage symlinks should be used
configure:13948: result: yes
configure:13952: checking for manpage tbl
configure:13963: result: no
configure:14296: checking if you want to build with function extensions
configure:14306: result: yes
configure:14366: checking if you want to build with SCREEN extensions
configure:14376: result: yes
configure:14395: checking if you want to build with terminal-driver
configure:14405: result: no
configure:14426: checking for extended use of const keyword
configure:14436: result: yes
configure:14444: checking if you want to use extended colors
configure:14454: result: yes
configure:14459: WARNING: This option applies only to wide-character library
configure:14497: checking if you want to use extended mouse encoding
configure:14507: result: yes
configure:14527: checking if you want to use extended putwin/screendump
configure:14537: result: yes
configure:14547: checking if you want $NCURSES_NO_PADDING code
configure:14557: result: yes
configure:14565: checking if you want SIGWINCH handler
configure:14575: result: yes
configure:14583: checking if you want user-definable terminal capabilities like termcap
configure:14593: result: yes
configure:14600: checking if you want to link with the pthread library
configure:14610: result: no
configure:14952: checking if you want reentrant code
configure:14962: result: no
configure:15062: checking if you want opaque curses-library structures
configure:15084: result: no
configure:15093: checking if you want opaque form-library structures
configure:15103: result: no
configure:15106: checking if you want opaque menu-library structures
configure:15116: result: no
configure:15119: checking if you want opaque panel-library structures
configure:15129: result: no
configure:15162: checking if you want all development code
configure:15172: result: no
configure:15176: checking if you want hard-tabs code
configure:15186: result: no
configure:15194: checking if you want limited support for xmc
configure:15204: result: no
configure:15214: checking if you do not want to assume colors are white-on-black
configure:15224: result: yes
configure:15232: checking if you want hashmap scrolling-optimization code
configure:15242: result: yes
configure:15250: checking if you want colorfgbg code
configure:15260: result: no
configure:15268: checking if you want to use gcc -fvisibility option
configure:15278: result: no
configure:15615: checking if you want interop bindings
configure:15625: result: yes
configure:15631: checking if you want experimental safe-sprintf code
configure:15641: result: no
configure:15666: checking if you want wgetch-events code
configure:15676: result: no
configure:15687: checking if you want to see long compiling messages
configure:15721: result: yes
configure:15734: checking if you want to install stripped executables
configure:15751: result: yes
configure:15762: checking if install accepts -p option
configure:15793: result: yes
configure:15796: checking if install needs to be told about ownership
configure:15807: result: no
configure:15831: checking if you want to see compiler warnings
configure:15839: result: 
configure:16310: checking for gcc __attribute__ directives...
checking for gcc __attribute__((scanf))
configure:16362: gcc -c -g -O2 -Qunused-arguments -no-cpp-precomp -D_DARWIN_C_SOURCE conftest.c >&5
configure:16365: $? = 0
checking for gcc __attribute__((printf))
configure:16362: gcc -c -g -O2 -Qunused-arguments -no-cpp-precomp -D_DARWIN_C_SOURCE conftest.c >&5
configure:16365: $? = 0
checking for gcc __attribute__((unused))
configure:16362: gcc -c -g -O2 -Qunused-arguments -no-cpp-precomp -D_DARWIN_C_SOURCE conftest.c >&5
configure:16365: $? = 0
checking for gcc __attribute__((noreturn))
configure:16362: gcc -c -g -O2 -Qunused-arguments -no-cpp-precomp -D_DARWIN_C_SOURCE conftest.c >&5
configure:16365: $? = 0
configure:16426: checking if you want to work around bogus compiler/loader warnings
configure:16436: result: no
configure:16708: checking if you want to enable runtime assertions
configure:16718: result: no
configure:16734: checking if you want to use dmalloc for testing
configure:16751: result: no
configure:16966: checking if you want to use dbmalloc for testing
configure:16983: result: no
configure:17198: checking if you want to use valgrind for testing
configure:17215: result: no
configure:17328: checking if you want to perform memory-leak testing
configure:17338: result: no
configure:17390: checking whether to add trace feature to all models
configure:17400: result: no
configure:17514: checking if we want to use GNAT projects
configure:17531: result: yes
configure:17541: checking for gettimeofday
configure:17578: gcc -o conftest -g -O2 -Qunused-arguments -no-cpp-precomp -D_DARWIN_C_SOURCE -DNDEBUG  -Wl,-search_paths_first conftest.c  >&5
configure:17581: $? = 0
configure:17584: test -s conftest
configure:17587: $? = 0
configure:17597: result: yes
configure:17684: checking if -lm needed for math functions
configure:17707: gcc -o conftest -g -O2 -Qunused-arguments -no-cpp-precomp -D_DARWIN_C_SOURCE -DNDEBUG  -Wl,-search_paths_first conftest.c  >&5
configure:17710: $? = 0
configure:17713: test -s conftest
configure:17716: $? = 0
configure:17726: result: no
configure:17734: checking for ANSI C header files
configure:17862: result: yes
configure:17875: checking for dirent.h that defines DIR
configure:17896: gcc -c -g -O2 -Qunused-arguments -no-cpp-precomp -D_DARWIN_C_SOURCE -DNDEBUG conftest.c >&5
configure:17899: $? = 0
configure:17902: test -s conftest.o
configure:17905: $? = 0
configure:17915: result: yes
configure:17928: checking for opendir in -ldir
configure:17955: gcc -o conftest -g -O2 -Qunused-arguments -no-cpp-precomp -D_DARWIN_C_SOURCE -DNDEBUG  -Wl,-search_paths_first conftest.c -ldir   >&5
ld: library not found for -ldir
clang: error: linker command failed with exit code 1 (use -v to see invocation)
configure:17958: $? = 1
configure: failed program was:
#line 17936 "configure"
#include "confdefs.h"

/* Override any gcc2 internal prototype to avoid an error.  */
#ifdef __cplusplus
extern "C"
#endif
/* We use char because int might match the return type of a gcc2
   builtin and then its argument prototype would still apply.  */
char opendir ();
int
main (void)
{
opendir ();
  ;
  return 0;
}
configure:17975: result: no
configure:18037: checking whether time.h and sys/time.h may both be included
configure:18059: gcc -c -g -O2 -Qunused-arguments -no-cpp-precomp -D_DARWIN_C_SOURCE -DNDEBUG conftest.c >&5
configure:18062: $? = 0
configure:18065: test -s conftest.o
configure:18068: $? = 0
configure:18078: result: yes
configure:18097: checking for regcomp
configure:18134: gcc -o conftest -g -O2 -Qunused-arguments -no-cpp-precomp -D_DARWIN_C_SOURCE -DNDEBUG  -Wl,-search_paths_first conftest.c  >&5
configure:18137: $? = 0
configure:18140: test -s conftest
configure:18143: $? = 0
configure:18153: result: yes
configure:18379: checking for regular-expression headers
configure:18454: gcc -o conftest -g -O2 -Qunused-arguments -no-cpp-precomp -D_DARWIN_C_SOURCE -DNDEBUG  -Wl,-search_paths_first conftest.c  >&5
configure:18457: $? = 0
configure:18460: test -s conftest
configure:18463: $? = 0
configure:18479: result: regex.h
configure:18522: checking for fcntl.h
configure:18532: gcc -E -D_DARWIN_C_SOURCE -DNDEBUG conftest.c
configure:18538: $? = 0
configure:18557: result: yes
configure:18522: checking for getopt.h
configure:18532: gcc -E -D_DARWIN_C_SOURCE -DNDEBUG conftest.c
configure:18538: $? = 0
configure:18557: result: yes
configure:18522: checking for limits.h
configure:18532: gcc -E -D_DARWIN_C_SOURCE -DNDEBUG conftest.c
configure:18538: $? = 0
configure:18557: result: yes
configure:18522: checking for locale.h
configure:18532: gcc -E -D_DARWIN_C_SOURCE -DNDEBUG conftest.c
configure:18538: $? = 0
configure:18557: result: yes
configure:18522: checking for math.h
configure:18532: gcc -E -D_DARWIN_C_SOURCE -DNDEBUG conftest.c
configure:18538: $? = 0
configure:18557: result: yes
configure:18522: checking for poll.h
configure:18532: gcc -E -D_DARWIN_C_SOURCE -DNDEBUG conftest.c
configure:18538: $? = 0
configure:18557: result: yes
configure:18522: checking for sys/bsdtypes.h
configure:18532: gcc -E -D_DARWIN_C_SOURCE -DNDEBUG conftest.c
configure:18529:10: fatal error: 'sys/bsdtypes.h' file not found
#include <sys/bsdtypes.h>
         ^~~~~~~~~~~~~~~~
1 error generated.
configure:18538: $? = 1
configure: failed program was:
#line 18528 "configure"
#include "confdefs.h"
#include <sys/bsdtypes.h>
configure:18557: result: no
configure:18522: checking for sys/ioctl.h
configure:18532: gcc -E -D_DARWIN_C_SOURCE -DNDEBUG conftest.c
configure:18538: $? = 0
configure:18557: result: yes
configure:18522: checking for sys/param.h
configure:18532: gcc -E -D_DARWIN_C_SOURCE -DNDEBUG conftest.c
configure:18538: $? = 0
configure:18557: result: yes
configure:18522: checking for sys/poll.h
configure:18532: gcc -E -D_DARWIN_C_SOURCE -DNDEBUG conftest.c
configure:18538: $? = 0
configure:18557: result: yes
configure:18522: checking for sys/select.h
configure:18532: gcc -E -D_DARWIN_C_SOURCE -DNDEBUG conftest.c
configure:18538: $? = 0
configure:18557: result: yes
configure:18522: checking for sys/time.h
configure:18532: gcc -E -D_DARWIN_C_SOURCE -DNDEBUG conftest.c
configure:18538: $? = 0
configure:18557: result: yes
configure:18522: checking for sys/times.h
configure:18532: gcc -E -D_DARWIN_C_SOURCE -DNDEBUG conftest.c
configure:18538: $? = 0
configure:18557: result: yes
configure:18522: checking for ttyent.h
configure:18532: gcc -E -D_DARWIN_C_SOURCE -DNDEBUG conftest.c
configure:18538: $? = 0
configure:18557: result: yes
configure:18522: checking for unistd.h
configure:18557: result: yes
configure:18522: checking for wctype.h
configure:18532: gcc -E -D_DARWIN_C_SOURCE -DNDEBUG conftest.c
configure:18538: $? = 0
configure:18557: result: yes
configure:18570: checking for unistd.h
configure:18605: result: yes
configure:18570: checking for getopt.h
configure:18605: result: yes
configure:18615: checking for header declaring getopt variables
configure:18638: gcc -c -g -O2 -Qunused-arguments -no-cpp-precomp -D_DARWIN_C_SOURCE -DNDEBUG conftest.c >&5
configure:18631:9: error: use of undeclared identifier 'optind'
int x = optind; char *y = optarg
        ^
configure:18631:27: error: use of undeclared identifier 'optarg'
int x = optind; char *y = optarg
                          ^
2 errors generated.
configure:18641: $? = 1
configure: failed program was:
#line 18625 "configure"
#include "confdefs.h"

#include <stdio.h>
int
main (void)
{
int x = optind; char *y = optarg
  ;
  return 0;
}
configure:18638: gcc -c -g -O2 -Qunused-arguments -no-cpp-precomp -D_DARWIN_C_SOURCE -DNDEBUG conftest.c >&5
configure:18631:9: error: use of undeclared identifier 'optind'
int x = optind; char *y = optarg
        ^
configure:18631:27: error: use of undeclared identifier 'optarg'
int x = optind; char *y = optarg
                          ^
2 errors generated.
configure:18641: $? = 1
configure: failed program was:
#line 18625 "configure"
#include "confdefs.h"

#include <stdlib.h>
int
main (void)
{
int x = optind; char *y = optarg
  ;
  return 0;
}
configure:18638: gcc -c -g -O2 -Qunused-arguments -no-cpp-precomp -D_DARWIN_C_SOURCE -DNDEBUG conftest.c >&5
configure:18641: $? = 0
configure:18644: test -s conftest.o
configure:18647: $? = 0
configure:18659: result: unistd.h
configure:18676: checking if external environ is declared
configure:18699: gcc -c -g -O2 -Qunused-arguments -no-cpp-precomp -D_DARWIN_C_SOURCE -DNDEBUG conftest.c >&5
configure:18692:15: error: use of undeclared identifier 'environ'; did you mean 'union'?
int x = (int) environ
              ^~~~~~~
              union
configure:18692:15: error: expected expression
2 errors generated.
configure:18702: $? = 1
configure: failed program was:
#line 18683 "configure"
#include "confdefs.h"

#ifdef HAVE_STDLIB_H
#include <stdlib.h>
#endif
#include <unistd.h>
int
main (void)
{
int x = (int) environ
  ;
  return 0;
}
configure:18719: result: no
configure:18734: checking if external environ exists
configure:18756: gcc -o conftest -g -O2 -Qunused-arguments -no-cpp-precomp -D_DARWIN_C_SOURCE -DNDEBUG  -Wl,-search_paths_first conftest.c  >&5
configure:18759: $? = 0
configure:18762: test -s conftest
configure:18765: $? = 0
configure:18776: result: yes
configure:18789: checking for getenv
configure:18826: gcc -o conftest -g -O2 -Qunused-arguments -no-cpp-precomp -D_DARWIN_C_SOURCE -DNDEBUG  -Wl,-search_paths_first conftest.c  >&5
configure:18829: $? = 0
configure:18832: test -s conftest
configure:18835: $? = 0
configure:18845: result: yes
configure:18851: checking for putenv
configure:18888: gcc -o conftest -g -O2 -Qunused-arguments -no-cpp-precomp -D_DARWIN_C_SOURCE -DNDEBUG  -Wl,-search_paths_first conftest.c  >&5
configure:18891: $? = 0
configure:18894: test -s conftest
configure:18897: $? = 0
configure:18907: result: yes
configure:18851: checking for setenv
configure:18888: gcc -o conftest -g -O2 -Qunused-arguments -no-cpp-precomp -D_DARWIN_C_SOURCE -DNDEBUG  -Wl,-search_paths_first conftest.c  >&5
configure:18891: $? = 0
configure:18894: test -s conftest
configure:18897: $? = 0
configure:18907: result: yes
configure:18851: checking for strdup
configure:18888: gcc -o conftest -g -O2 -Qunused-arguments -no-cpp-precomp -D_DARWIN_C_SOURCE -DNDEBUG  -Wl,-search_paths_first conftest.c  >&5
configure:18868:6: warning: incompatible redeclaration of library function 'strdup' [-Wincompatible-library-redeclaration]
char strdup (void);
     ^
configure:18868:6: note: 'strdup' is a builtin with type 'char *(const char *)'
1 warning generated.
configure:18891: $? = 0
configure:18894: test -s conftest
configure:18897: $? = 0
configure:18907: result: yes
configure:18917: checking if getenv returns consistent values
configure:19036: gcc -o conftest -g -O2 -Qunused-arguments -no-cpp-precomp -D_DARWIN_C_SOURCE -DNDEBUG  -Wl,-search_paths_first conftest.c  >&5
configure:19039: $? = 0
configure:19041: ./conftest
configure:19044: $? = 0
configure:19057: result: yes
configure:19201: checking if sys/time.h works with sys/select.h
configure:19228: gcc -c -g -O2 -Qunused-arguments -no-cpp-precomp -D_DARWIN_C_SOURCE -DNDEBUG conftest.c >&5
configure:19231: $? = 0
configure:19234: test -s conftest.o
configure:19237: $? = 0
configure:19249: result: yes
configure:19264: checking for an ANSI C-conforming const
configure:19328: gcc -c -g -O2 -Qunused-arguments -no-cpp-precomp -D_DARWIN_C_SOURCE -DNDEBUG conftest.c >&5
configure:19331: $? = 0
configure:19334: test -s conftest.o
configure:19337: $? = 0
configure:19347: result: yes
configure:19357: checking for inline
configure:19374: gcc -c -g -O2 -Qunused-arguments -no-cpp-precomp -D_DARWIN_C_SOURCE -DNDEBUG conftest.c >&5
configure:19377: $? = 0
configure:19380: test -s conftest.o
configure:19383: $? = 0
configure:19394: result: inline
configure:19568: checking for signal global datatype
configure:19604: gcc -c -g -O2 -Qunused-arguments -no-cpp-precomp -D_DARWIN_C_SOURCE -DNDEBUG conftest.c >&5
configure:19607: $? = 0
configure:19610: test -s conftest.o
configure:19613: $? = 0
configure:19627: result: volatile sig_atomic_t
configure:19716: checking if unsigned literals are legal
configure:19735: gcc -c -g -O2 -Qunused-arguments -no-cpp-precomp -D_DARWIN_C_SOURCE -DNDEBUG conftest.c >&5
configure:19738: $? = 0
configure:19741: test -s conftest.o
configure:19744: $? = 0
configure:19756: result: yes
configure:19772: checking if external errno is declared
configure:19797: gcc -c -g -O2 -Qunused-arguments -no-cpp-precomp -D_DARWIN_C_SOURCE -DNDEBUG conftest.c >&5
configure:19800: $? = 0
configure:19803: test -s conftest.o
configure:19806: $? = 0
configure:19817: result: yes
configure:19832: checking if external errno exists
configure:19854: gcc -o conftest -g -O2 -Qunused-arguments -no-cpp-precomp -D_DARWIN_C_SOURCE -DNDEBUG  -Wl,-search_paths_first conftest.c  >&5
configure:19857: $? = 0
configure:19860: test -s conftest
configure:19863: $? = 0
configure:19874: result: yes
configure:19887: checking if data-only library module links
configure:19898: gcc -c -g -O2 -Qunused-arguments -no-cpp-precomp -D_DARWIN_C_SOURCE -DNDEBUG conftest.c >&5
configure:19901: $? = 0
configure:19921: gcc -c -g -O2 -Qunused-arguments -no-cpp-precomp -D_DARWIN_C_SOURCE -DNDEBUG conftest.c >&5
configure:19924: $? = 0
configure:19948: gcc -o conftest -g -O2 -Qunused-arguments -no-cpp-precomp -D_DARWIN_C_SOURCE -DNDEBUG  -Wl,-search_paths_first conftest.c conftest.a  >&5
warning: (x86_64)  could not find object file symbol for symbol _testdata
configure:19951: $? = 0
configure:19953: ./conftest
configure:19956: $? = 0
configure:19971: result: yes
configure:20013: checking for getcwd
configure:20050: gcc -o conftest -g -O2 -Qunused-arguments -no-cpp-precomp -D_DARWIN_C_SOURCE -DNDEBUG  -Wl,-search_paths_first conftest.c  >&5
configure:20053: $? = 0
configure:20056: test -s conftest
configure:20059: $? = 0
configure:20069: result: yes
configure:20013: checking for getegid
configure:20050: gcc -o conftest -g -O2 -Qunused-arguments -no-cpp-precomp -D_DARWIN_C_SOURCE -DNDEBUG  -Wl,-search_paths_first conftest.c  >&5
configure:20053: $? = 0
configure:20056: test -s conftest
configure:20059: $? = 0
configure:20069: result: yes
configure:20013: checking for geteuid
configure:20050: gcc -o conftest -g -O2 -Qunused-arguments -no-cpp-precomp -D_DARWIN_C_SOURCE -DNDEBUG  -Wl,-search_paths_first conftest.c  >&5
configure:20053: $? = 0
configure:20056: test -s conftest
configure:20059: $? = 0
configure:20069: result: yes
configure:20013: checking for getopt
configure:20050: gcc -o conftest -g -O2 -Qunused-arguments -no-cpp-precomp -D_DARWIN_C_SOURCE -DNDEBUG  -Wl,-search_paths_first conftest.c  >&5
configure:20053: $? = 0
configure:20056: test -s conftest
configure:20059: $? = 0
configure:20069: result: yes
configure:20013: checking for getttynam
configure:20050: gcc -o conftest -g -O2 -Qunused-arguments -no-cpp-precomp -D_DARWIN_C_SOURCE -DNDEBUG  -Wl,-search_paths_first conftest.c  >&5
configure:20053: $? = 0
configure:20056: test -s conftest
configure:20059: $? = 0
configure:20069: result: yes
configure:20013: checking for issetugid
configure:20050: gcc -o conftest -g -O2 -Qunused-arguments -no-cpp-precomp -D_DARWIN_C_SOURCE -DNDEBUG  -Wl,-search_paths_first conftest.c  >&5
configure:20053: $? = 0
configure:20056: test -s conftest
configure:20059: $? = 0
configure:20069: result: yes
configure:20013: checking for localeconv
configure:20050: gcc -o conftest -g -O2 -Qunused-arguments -no-cpp-precomp -D_DARWIN_C_SOURCE -DNDEBUG  -Wl,-search_paths_first conftest.c  >&5
configure:20053: $? = 0
configure:20056: test -s conftest
configure:20059: $? = 0
configure:20069: result: yes
configure:20013: checking for poll
configure:20050: gcc -o conftest -g -O2 -Qunused-arguments -no-cpp-precomp -D_DARWIN_C_SOURCE -DNDEBUG  -Wl,-search_paths_first conftest.c  >&5
configure:20053: $? = 0
configure:20056: test -s conftest
configure:20059: $? = 0
configure:20069: result: yes
configure:20013: checking for putenv
configure:20069: result: yes
configure:20013: checking for remove
configure:20069: result: yes
configure:20013: checking for select
configure:20050: gcc -o conftest -g -O2 -Qunused-arguments -no-cpp-precomp -D_DARWIN_C_SOURCE -DNDEBUG  -Wl,-search_paths_first conftest.c  >&5
configure:20053: $? = 0
configure:20056: test -s conftest
configure:20059: $? = 0
configure:20069: result: yes
configure:20013: checking for setbuf
configure:20050: gcc -o conftest -g -O2 -Qunused-arguments -no-cpp-precomp -D_DARWIN_C_SOURCE -DNDEBUG  -Wl,-search_paths_first conftest.c  >&5
configure:20053: $? = 0
configure:20056: test -s conftest
configure:20059: $? = 0
configure:20069: result: yes
configure:20013: checking for setbuffer
configure:20050: gcc -o conftest -g -O2 -Qunused-arguments -no-cpp-precomp -D_DARWIN_C_SOURCE -DNDEBUG  -Wl,-search_paths_first conftest.c  >&5
configure:20053: $? = 0
configure:20056: test -s conftest
configure:20059: $? = 0
configure:20069: result: yes
configure:20013: checking for setenv
configure:20069: result: yes
configure:20013: checking for setvbuf
configure:20050: gcc -o conftest -g -O2 -Qunused-arguments -no-cpp-precomp -D_DARWIN_C_SOURCE -DNDEBUG  -Wl,-search_paths_first conftest.c  >&5
configure:20053: $? = 0
configure:20056: test -s conftest
configure:20059: $? = 0
configure:20069: result: yes
configure:20013: checking for sigaction
configure:20050: gcc -o conftest -g -O2 -Qunused-arguments -no-cpp-precomp -D_DARWIN_C_SOURCE -DNDEBUG  -Wl,-search_paths_first conftest.c  >&5
configure:20053: $? = 0
configure:20056: test -s conftest
configure:20059: $? = 0
configure:20069: result: yes
configure:20013: checking for sigvec
configure:20050: gcc -o conftest -g -O2 -Qunused-arguments -no-cpp-precomp -D_DARWIN_C_SOURCE -DNDEBUG  -Wl,-search_paths_first conftest.c  >&5
configure:20053: $? = 0
configure:20056: test -s conftest
configure:20059: $? = 0
configure:20069: result: yes
configure:20013: checking for strdup
configure:20069: result: yes
configure:20013: checking for strstr
configure:20050: gcc -o conftest -g -O2 -Qunused-arguments -no-cpp-precomp -D_DARWIN_C_SOURCE -DNDEBUG  -Wl,-search_paths_first conftest.c  >&5
configure:20030:6: warning: incompatible redeclaration of library function 'strstr' [-Wincompatible-library-redeclaration]
char strstr (void);
     ^
configure:20030:6: note: 'strstr' is a builtin with type 'char *(const char *, const char *)'
1 warning generated.
configure:20053: $? = 0
configure:20056: test -s conftest
configure:20059: $? = 0
configure:20069: result: yes
configure:20013: checking for sysconf
configure:20050: gcc -o conftest -g -O2 -Qunused-arguments -no-cpp-precomp -D_DARWIN_C_SOURCE -DNDEBUG  -Wl,-search_paths_first conftest.c  >&5
configure:20053: $? = 0
configure:20056: test -s conftest
configure:20059: $? = 0
configure:20069: result: yes
configure:20013: checking for tcgetpgrp
configure:20050: gcc -o conftest -g -O2 -Qunused-arguments -no-cpp-precomp -D_DARWIN_C_SOURCE -DNDEBUG  -Wl,-search_paths_first conftest.c  >&5
configure:20053: $? = 0
configure:20056: test -s conftest
configure:20059: $? = 0
configure:20069: result: yes
configure:20013: checking for times
configure:20050: gcc -o conftest -g -O2 -Qunused-arguments -no-cpp-precomp -D_DARWIN_C_SOURCE -DNDEBUG  -Wl,-search_paths_first conftest.c  >&5
configure:20053: $? = 0
configure:20056: test -s conftest
configure:20059: $? = 0
configure:20069: result: yes
configure:20013: checking for tsearch
configure:20050: gcc -o conftest -g -O2 -Qunused-arguments -no-cpp-precomp -D_DARWIN_C_SOURCE -DNDEBUG  -Wl,-search_paths_first conftest.c  >&5
configure:20053: $? = 0
configure:20056: test -s conftest
configure:20059: $? = 0
configure:20069: result: yes
configure:20013: checking for vsnprintf
configure:20050: gcc -o conftest -g -O2 -Qunused-arguments -no-cpp-precomp -D_DARWIN_C_SOURCE -DNDEBUG  -Wl,-search_paths_first conftest.c  >&5
configure:20030:6: warning: incompatible redeclaration of library function 'vsnprintf' [-Wincompatible-library-redeclaration]
char vsnprintf (void);
     ^
configure:20030:6: note: 'vsnprintf' is a builtin with type 'int (char *, unsigned long, const char *, struct __va_list_tag *)'
1 warning generated.
configure:20053: $? = 0
configure:20056: test -s conftest
configure:20059: $? = 0
configure:20069: result: yes
configure:20224: checking for isascii
configure:20243: gcc -o conftest -g -O2 -Qunused-arguments -no-cpp-precomp -D_DARWIN_C_SOURCE -DNDEBUG  -Wl,-search_paths_first conftest.c  >&5
configure:20246: $? = 0
configure:20249: test -s conftest
configure:20252: $? = 0
configure:20263: result: yes
configure:20271: checking whether sigaction needs _POSIX_SOURCE
configure:20288: gcc -c -g -O2 -Qunused-arguments -no-cpp-precomp -D_DARWIN_C_SOURCE -DNDEBUG conftest.c >&5
configure:20291: $? = 0
configure:20294: test -s conftest.o
configure:20297: $? = 0
configure:20345: result: no
configure:20349: checking if nanosleep really works
configure:20384: gcc -o conftest -g -O2 -Qunused-arguments -no-cpp-precomp -D_DARWIN_C_SOURCE -DNDEBUG  -Wl,-search_paths_first conftest.c  >&5
configure:20387: $? = 0
configure:20389: ./conftest
configure:20392: $? = 0
configure:20404: result: yes
configure:20421: checking for termio.h
configure:20431: gcc -E -D_DARWIN_C_SOURCE -DNDEBUG conftest.c
configure:20428:10: fatal error: 'termio.h' file not found
#include <termio.h>
         ^~~~~~~~~~
1 error generated.
configure:20437: $? = 1
configure: failed program was:
#line 20427 "configure"
#include "confdefs.h"
#include <termio.h>
configure:20456: result: no
configure:20421: checking for termios.h
configure:20431: gcc -E -D_DARWIN_C_SOURCE -DNDEBUG conftest.c
configure:20437: $? = 0
configure:20456: result: yes
configure:20421: checking for unistd.h
configure:20456: result: yes
configure:20421: checking for sys/ioctl.h
configure:20456: result: yes
configure:20421: checking for sys/termio.h
configure:20431: gcc -E -D_DARWIN_C_SOURCE -DNDEBUG conftest.c
configure:20428:10: fatal error: 'sys/termio.h' file not found
#include <sys/termio.h>
         ^~~~~~~~~~~~~~
1 error generated.
configure:20437: $? = 1
configure: failed program was:
#line 20427 "configure"
#include "confdefs.h"
#include <sys/termio.h>
configure:20456: result: no
configure:20473: checking whether termios.h needs _POSIX_SOURCE
configure:20488: gcc -c -g -O2 -Qunused-arguments -no-cpp-precomp -D_DARWIN_C_SOURCE -DNDEBUG conftest.c >&5
configure:20491: $? = 0
configure:20494: test -s conftest.o
configure:20497: $? = 0
configure:20544: result: no
configure:20549: checking for tcgetattr
configure:20584: gcc -o conftest -g -O2 -Qunused-arguments -no-cpp-precomp -D_DARWIN_C_SOURCE -DNDEBUG  -Wl,-search_paths_first conftest.c  >&5
configure:20587: $? = 0
configure:20590: test -s conftest
configure:20593: $? = 0
configure:20603: result: yes
configure:20610: checking for vsscanf function or workaround
configure:20633: gcc -o conftest -g -O2 -Qunused-arguments -no-cpp-precomp -D_DARWIN_C_SOURCE -DNDEBUG  -Wl,-search_paths_first conftest.c  >&5
configure:20636: $? = 0
configure:20639: test -s conftest
configure:20642: $? = 0
configure:20735: result: vsscanf
configure:20761: checking for unistd.h
configure:20796: result: yes
configure:20806: checking for working mkstemp
configure:20858: gcc -o conftest -g -O2 -Qunused-arguments -no-cpp-precomp -D_DARWIN_C_SOURCE -DNDEBUG  -Wl,-search_paths_first conftest.c  >&5
configure:20861: $? = 0
configure:20863: ./conftest
configure:20866: $? = 0
configure:20881: result: yes
configure:20964: checking whether setvbuf arguments are reversed
configure:20992: gcc -o conftest -g -O2 -Qunused-arguments -no-cpp-precomp -D_DARWIN_C_SOURCE -DNDEBUG  -Wl,-search_paths_first conftest.c  >&5
configure:20984:23: warning: incompatible integer to pointer conversion passing 'int' to parameter of type 'char *' [-Wint-conversion]
  if (setvbuf(stdout, _IOLBF, (char *) main, BUFSIZ) != 0)
                      ^~~~~~
/Applications/Xcode.app/Contents/Developer/Platforms/MacOSX.platform/Developer/SDKs/MacOSX.sdk/usr/include/stdio.h:100:16: note: expanded from macro '_IOLBF'
#define _IOLBF  1               /* setvbuf should set line buffered */
                ^
/Applications/Xcode.app/Contents/Developer/Platforms/MacOSX.platform/Developer/SDKs/MacOSX.sdk/usr/include/stdio.h:179:50: note: passing argument to parameter here
int      setvbuf(FILE * __restrict, char * __restrict, int, size_t);
                                                     ^
configure:20984:31: warning: incompatible pointer to integer conversion passing 'char *' to parameter of type 'int' [-Wint-conversion]
  if (setvbuf(stdout, _IOLBF, (char *) main, BUFSIZ) != 0)
                              ^~~~~~~~~~~~~
/Applications/Xcode.app/Contents/Developer/Platforms/MacOSX.platform/Developer/SDKs/MacOSX.sdk/usr/include/stdio.h:179:55: note: passing argument to parameter here
int      setvbuf(FILE * __restrict, char * __restrict, int, size_t);
                                                          ^
2 warnings generated.
configure:20995: $? = 0
configure:20997: ./conftest
configure:21000: $? = 1
configure: program exited with status 1
configure: failed program was:
#line 20975 "configure"
#include "confdefs.h"
#include <stdio.h>
/* If setvbuf has the reversed format, exit 0. */
int
main (void)
{
  /* This call has the arguments reversed.
     A reversed system may check and see that the address of main
     is not _IOLBF, _IONBF, or _IOFBF, and return nonzero.  */
  if (setvbuf(stdout, _IOLBF, (char *) main, BUFSIZ) != 0)
    return(1);
  putc('\r', stdout);
  return(0);			/* Non-reversed systems segv here.  */
}
configure:21013: result: no
configure:21024: checking for intptr_t
configure:21045: gcc -c -g -O2 -Qunused-arguments -no-cpp-precomp -D_DARWIN_C_SOURCE -DNDEBUG conftest.c >&5
configure:21048: $? = 0
configure:21051: test -s conftest.o
configure:21054: $? = 0
configure:21064: result: yes
configure:21076: checking for ssize_t
configure:21097: gcc -c -g -O2 -Qunused-arguments -no-cpp-precomp -D_DARWIN_C_SOURCE -DNDEBUG conftest.c >&5
configure:21100: $? = 0
configure:21103: test -s conftest.o
configure:21106: $? = 0
configure:21116: result: yes
configure:21128: checking for type sigaction_t
configure:21148: gcc -c -g -O2 -Qunused-arguments -no-cpp-precomp -D_DARWIN_C_SOURCE -DNDEBUG conftest.c >&5
configure:21141:1: error: use of undeclared identifier 'sigaction_t'; did you mean 'sigaction'?
sigaction_t x
^~~~~~~~~~~
sigaction
/Applications/Xcode.app/Contents/Developer/Platforms/MacOSX.platform/Developer/SDKs/MacOSX.sdk/usr/include/signal.h:84:5: note: 'sigaction' declared here
int     sigaction(int, const struct sigaction * __restrict,
        ^
configure:21141:1: error: must use 'struct' tag to refer to type 'sigaction'
sigaction_t x
^
struct 
/Applications/Xcode.app/Contents/Developer/Platforms/MacOSX.platform/Developer/SDKs/MacOSX.sdk/usr/include/signal.h:84:5: note: struct 'sigaction' is hidden by a non-type declaration of 'sigaction' here
int     sigaction(int, const struct sigaction * __restrict,
        ^
2 errors generated.
configure:21151: $? = 1
configure: failed program was:
#line 21135 "configure"
#include "confdefs.h"

#include <signal.h>
int
main (void)
{
sigaction_t x
  ;
  return 0;
}
configure:21168: result: no
configure:21175: checking declaration of size-change
configure:21246: gcc -c -g -O2 -Qunused-arguments -no-cpp-precomp -D_DARWIN_C_SOURCE -DNDEBUG conftest.c >&5
configure:21249: $? = 0
configure:21252: test -s conftest.o
configure:21255: $? = 0
size-change succeeded ()
configure:21274: result: yes
configure:21292: checking for memmove
configure:21329: gcc -o conftest -g -O2 -Qunused-arguments -no-cpp-precomp -D_DARWIN_C_SOURCE -DNDEBUG  -Wl,-search_paths_first conftest.c  >&5
configure:21309:6: warning: incompatible redeclaration of library function 'memmove' [-Wincompatible-library-redeclaration]
char memmove (void);
     ^
configure:21309:6: note: 'memmove' is a builtin with type 'void *(void *, const void *, unsigned long)'
1 warning generated.
configure:21332: $? = 0
configure:21335: test -s conftest
configure:21338: $? = 0
configure:21348: result: yes
configure:21552: checking if poll really works
configure:21614: gcc -o conftest -g -O2 -Qunused-arguments -no-cpp-precomp -D_DARWIN_C_SOURCE -DNDEBUG  -Wl,-search_paths_first conftest.c  >&5
configure:21617: $? = 0
configure:21619: ./conftest
configure:21622: $? = 1
configure: program exited with status 1
configure: failed program was:
#line 21562 "configure"
#include "confdefs.h"

#include <stdlib.h>
#include <stdio.h>
#include <unistd.h>
#include <fcntl.h>
#ifdef HAVE_POLL_H
#include <poll.h>
#else
#include <sys/poll.h>
#endif
int main(void) {
	struct pollfd myfds;
	int ret;

	/* check for Darwin bug with respect to "devices" */
	myfds.fd = open("/dev/null", 1);	/* O_WRONLY */
	if (myfds.fd < 0)
		myfds.fd = 0;
	myfds.events = POLLIN;
	myfds.revents = 0;

	ret = poll(&myfds, 1, 100);

	if (ret < 0 || (myfds.revents & POLLNVAL)) {
		ret = -1;
	} else {
		int fd = 0;
		if (!isatty(fd)) {
			fd = open("/dev/tty", 2);	/* O_RDWR */
		}
#ifdef HAVE_POSIX_OPENPT
		if (fd < 0) {
			fd = posix_openpt(O_RDWR);
		}
#endif

		if (fd >= 0) {
			/* also check with standard input */
			myfds.fd = fd;
			myfds.events = POLLIN;
			myfds.revents = 0;
			ret = poll(&myfds, 1, 100);
		} else {
			ret = -1;
		}
	}
	return(ret < 0);
}
configure:21634: result: no
configure:21641: checking for va_copy
configure:21665: gcc -o conftest -g -O2 -Qunused-arguments -no-cpp-precomp -D_DARWIN_C_SOURCE -DNDEBUG  -Wl,-search_paths_first conftest.c  >&5
configure:21668: $? = 0
configure:21671: test -s conftest
configure:21674: $? = 0
configure:21684: result: yes
configure:21914: checking for pid_t
configure:21935: gcc -c -g -O2 -Qunused-arguments -no-cpp-precomp -D_DARWIN_C_SOURCE -DNDEBUG conftest.c >&5
configure:21938: $? = 0
configure:21941: test -s conftest.o
configure:21944: $? = 0
configure:21954: result: yes
configure:21969: checking for unistd.h
configure:22004: result: yes
configure:21969: checking for vfork.h
configure:21979: gcc -E -D_DARWIN_C_SOURCE -DNDEBUG conftest.c
configure:21976:10: fatal error: 'vfork.h' file not found
#include <vfork.h>
         ^~~~~~~~~
1 error generated.
configure:21985: $? = 1
configure: failed program was:
#line 21975 "configure"
#include "confdefs.h"
#include <vfork.h>
configure:22004: result: no
configure:22017: checking for fork
configure:22054: gcc -o conftest -g -O2 -Qunused-arguments -no-cpp-precomp -D_DARWIN_C_SOURCE -DNDEBUG  -Wl,-search_paths_first conftest.c  >&5
configure:22057: $? = 0
configure:22060: test -s conftest
configure:22063: $? = 0
configure:22073: result: yes
configure:22017: checking for vfork
configure:22054: gcc -o conftest -g -O2 -Qunused-arguments -no-cpp-precomp -D_DARWIN_C_SOURCE -DNDEBUG  -Wl,-search_paths_first conftest.c  >&5
configure:22034:6: warning: incompatible redeclaration of library function 'vfork' [-Wincompatible-library-redeclaration]
char vfork (void);
     ^
configure:22034:6: note: 'vfork' is a builtin with type 'int (void)'
1 warning generated.
configure:22057: $? = 0
configure:22060: test -s conftest
configure:22063: $? = 0
configure:22073: result: yes
configure:22085: checking for working fork
configure:22128: result: yes
configure:22147: checking for working vfork
configure:22273: result: yes
configure:22304: checking if fopen accepts explicit binary mode
configure:22347: gcc -o conftest -g -O2 -Qunused-arguments -no-cpp-precomp -D_DARWIN_C_SOURCE -DNDEBUG  -Wl,-search_paths_first conftest.c  >&5
configure:22350: $? = 0
configure:22352: ./conftest
configure:22355: $? = 0
configure:22368: result: yes
configure:22377: checking for openpty in -lutil
configure:22404: gcc -o conftest -g -O2 -Qunused-arguments -no-cpp-precomp -D_DARWIN_C_SOURCE -DNDEBUG  -Wl,-search_paths_first conftest.c -lutil   >&5
configure:22407: $? = 0
configure:22410: test -s conftest
configure:22413: $? = 0
configure:22424: result: yes
configure:22432: checking for openpty header
configure:22476: gcc -o conftest -g -O2 -Qunused-arguments -no-cpp-precomp -D_DARWIN_C_SOURCE -DNDEBUG  -Wl,-search_paths_first conftest.c -lutil  >&5
configure:22461:10: fatal error: 'pty.h' file not found
#include <pty.h>
         ^~~~~~~
1 error generated.
configure:22479: $? = 1
configure: failed program was:
#line 22459 "configure"
#include "confdefs.h"

#include <pty.h>

int
main (void)
{

	int x = openpty((int *)0, (int *)0, (char *)0,
				   (struct termios *)0, (struct winsize *)0);

  ;
  return 0;
}
configure:22476: gcc -o conftest -g -O2 -Qunused-arguments -no-cpp-precomp -D_DARWIN_C_SOURCE -DNDEBUG  -Wl,-search_paths_first conftest.c -lutil  >&5
configure:22461:10: fatal error: 'libutil.h' file not found
#include <libutil.h>
         ^~~~~~~~~~~
1 error generated.
configure:22479: $? = 1
configure: failed program was:
#line 22459 "configure"
#include "confdefs.h"

#include <libutil.h>

int
main (void)
{

	int x = openpty((int *)0, (int *)0, (char *)0,
				   (struct termios *)0, (struct winsize *)0);

  ;
  return 0;
}
configure:22476: gcc -o conftest -g -O2 -Qunused-arguments -no-cpp-precomp -D_DARWIN_C_SOURCE -DNDEBUG  -Wl,-search_paths_first conftest.c -lutil  >&5
configure:22479: $? = 0
configure:22482: test -s conftest
configure:22485: $? = 0
configure:22503: result: util.h
configure:23145: checking if we should include stdbool.h
configure:23165: gcc -c -O2 -Qunused-arguments -no-cpp-precomp -D_DARWIN_C_SOURCE -DNDEBUG conftest.c >&5
configure:23158:1: error: use of undeclared identifier 'bool'
bool foo = false
^
1 error generated.
configure:23168: $? = 1
configure: failed program was:
#line 23153 "configure"
#include "confdefs.h"

int
main (void)
{
bool foo = false
  ;
  return 0;
}
configure:23197: gcc -c -O2 -Qunused-arguments -no-cpp-precomp -D_DARWIN_C_SOURCE -DNDEBUG conftest.c >&5
configure:23200: $? = 0
configure:23203: test -s conftest.o
configure:23206: $? = 0
configure:23220: result: yes
configure:23226: checking for builtin bool type
configure:23249: gcc -c -O2 -Qunused-arguments -no-cpp-precomp -D_DARWIN_C_SOURCE -DNDEBUG conftest.c >&5
configure:23242:1: error: use of undeclared identifier 'bool'
bool x = false
^
1 error generated.
configure:23252: $? = 1
configure: failed program was:
#line 23234 "configure"
#include "confdefs.h"

#include <stdio.h>
#include <sys/types.h>

int
main (void)
{
bool x = false
  ;
  return 0;
}
configure:23273: result: no
configure:23290: checking if we already have C++ library
configure:23307: /usr/bin/g++ -o conftest -O2 -D_DARWIN_C_SOURCE -DNDEBUG  -Wl,-search_paths_first conftest.cc   >&5
configure:23310: $? = 0
configure:23313: test -s conftest
configure:23316: $? = 0
configure:23325: result: yes
configure:23427: checking whether /usr/bin/g++ understands -c and -o together
configure:23442: /usr/bin/g++ -O2 -D_DARWIN_C_SOURCE -DNDEBUG -c conftest.cc -o conftest2.o >&5
configure:23445: $? = 0
configure:23447: /usr/bin/g++ -O2 -D_DARWIN_C_SOURCE -DNDEBUG -c conftest.cc -o conftest2.o >&5
configure:23450: $? = 0
configure:23461: result: yes
configure:23637: checking how to run the C++ preprocessor
configure:23659: /usr/bin/g++ -E -D_DARWIN_C_SOURCE -DNDEBUG conftest.cc
configure:23665: $? = 0
configure:23692: /usr/bin/g++ -E -D_DARWIN_C_SOURCE -DNDEBUG conftest.cc
configure:23689:10: fatal error: 'ac_nonexistent.h' file not found
#include <ac_nonexistent.h>
         ^~~~~~~~~~~~~~~~~~
1 error generated.
configure:23698: $? = 1
configure: failed program was:
#line 23688 "configure"
#include "confdefs.h"
#include <ac_nonexistent.h>
configure:23735: result: /usr/bin/g++ -E
configure:23750: /usr/bin/g++ -E -D_DARWIN_C_SOURCE -DNDEBUG conftest.cc
configure:23756: $? = 0
configure:23783: /usr/bin/g++ -E -D_DARWIN_C_SOURCE -DNDEBUG conftest.cc
configure:23780:10: fatal error: 'ac_nonexistent.h' file not found
#include <ac_nonexistent.h>
         ^~~~~~~~~~~~~~~~~~
1 error generated.
configure:23789: $? = 1
configure: failed program was:
#line 23779 "configure"
#include "confdefs.h"
#include <ac_nonexistent.h>
configure:23832: checking for typeinfo
configure:23842: /usr/bin/g++ -E -D_DARWIN_C_SOURCE -DNDEBUG conftest.cc
configure:23848: $? = 0
configure:23867: result: yes
configure:23880: checking for iostream
configure:23890: /usr/bin/g++ -E -D_DARWIN_C_SOURCE -DNDEBUG conftest.cc
configure:23896: $? = 0
configure:23915: result: yes
configure:23926: checking if iostream uses std-namespace
configure:23946: /usr/bin/g++ -c -O2 -D_DARWIN_C_SOURCE -DNDEBUG conftest.cc >&5
configure:23949: $? = 0
configure:23952: test -s conftest.o
configure:23955: $? = 0
configure:23964: result: yes
configure:23975: checking if we should include stdbool.h
configure:24050: result: yes
configure:24056: checking for builtin bool type
configure:24079: /usr/bin/g++ -c -O2 -D_DARWIN_C_SOURCE -DNDEBUG conftest.cc >&5
configure:24082: $? = 0
configure:24085: test -s conftest.o
configure:24088: $? = 0
configure:24101: result: yes
configure:24107: checking for size of bool
configure:24160: /usr/bin/g++ -o conftest -O2 -D_DARWIN_C_SOURCE -DNDEBUG  -Wl,-search_paths_first conftest.cc  >&5
configure:24146:18: warning: result of comparison of constant 0 with expression of type 'bool' is always true [-Wtautological-constant-compare]
                if ((bool)(-x) >= 0)
                    ~~~~~~~~~~ ^  ~
1 warning generated.
configure:24163: $? = 0
configure:24165: ./conftest
configure:24168: $? = 0
configure:24186: result: unsigned char
configure:24197: checking for special defines needed for etip.h
configure:24229: /usr/bin/g++ -c -O2 -I./c++ -I./menu -Iinclude -I./include -D_DARWIN_C_SOURCE -DNDEBUG conftest.cc >&5
In file included from configure:24217:
In file included from ./c++/etip.h.in:117:
In file included from /Applications/Xcode.app/Contents/Developer/Platforms/MacOSX.platform/Developer/SDKs/MacOSX.sdk/usr/include/curses.h:141:
/Applications/Xcode.app/Contents/Developer/Platforms/MacOSX.platform/Developer/SDKs/MacOSX.sdk/usr/include/unctrl.h:57:1: error: expected unqualified-id
NCURSES_EXPORT(NCURSES_CONST char *) unctrl (chtype);
^
include/ncurses_dll.h:119:32: note: expanded from macro 'NCURSES_EXPORT'
#  define NCURSES_EXPORT(type) NCURSES_IMPEXP type NCURSES_API
                               ^
include/ncurses_dll.h:110:26: note: expanded from macro 'NCURSES_IMPEXP'
#  define NCURSES_IMPEXP @NCURSES_IMPEXP@
                         ^
In file included from configure:24217:
In file included from ./c++/etip.h.in:117:
/Applications/Xcode.app/Contents/Developer/Platforms/MacOSX.platform/Developer/SDKs/MacOSX.sdk/usr/include/curses.h:231:8: error: expected unqualified-id
extern NCURSES_EXPORT_VAR(chtype) acs_map[];
       ^
include/ncurses_dll.h:122:36: note: expanded from macro 'NCURSES_EXPORT_VAR'
#  define NCURSES_EXPORT_VAR(type) NCURSES_IMPEXP type
                                   ^
include/ncurses_dll.h:110:26: note: expanded from macro 'NCURSES_IMPEXP'
#  define NCURSES_IMPEXP @NCURSES_IMPEXP@
                         ^
In file included from configure:24217:
In file included from ./c++/etip.h.in:117:
/Applications/Xcode.app/Contents/Developer/Platforms/MacOSX.platform/Developer/SDKs/MacOSX.sdk/usr/include/curses.h:520:8: error: expected unqualified-id
extern NCURSES_EXPORT(int) addch (const chtype);                        /* generated */
       ^
include/ncurses_dll.h:119:32: note: expanded from macro 'NCURSES_EXPORT'
#  define NCURSES_EXPORT(type) NCURSES_IMPEXP type NCURSES_API
                               ^
include/ncurses_dll.h:110:26: note: expanded from macro 'NCURSES_IMPEXP'
#  define NCURSES_IMPEXP @NCURSES_IMPEXP@
                         ^
In file included from configure:24217:
In file included from ./c++/etip.h.in:117:
/Applications/Xcode.app/Contents/Developer/Platforms/MacOSX.platform/Developer/SDKs/MacOSX.sdk/usr/include/curses.h:521:8: error: expected unqualified-id
extern NCURSES_EXPORT(int) addchnstr (const chtype *, int);             /* generated */
       ^
include/ncurses_dll.h:119:32: note: expanded from macro 'NCURSES_EXPORT'
#  define NCURSES_EXPORT(type) NCURSES_IMPEXP type NCURSES_API
                               ^
include/ncurses_dll.h:110:26: note: expanded from macro 'NCURSES_IMPEXP'
#  define NCURSES_IMPEXP @NCURSES_IMPEXP@
                         ^
In file included from configure:24217:
In file included from ./c++/etip.h.in:117:
/Applications/Xcode.app/Contents/Developer/Platforms/MacOSX.platform/Developer/SDKs/MacOSX.sdk/usr/include/curses.h:522:8: error: expected unqualified-id
extern NCURSES_EXPORT(int) addchstr (const chtype *);                   /* generated */
       ^
include/ncurses_dll.h:119:32: note: expanded from macro 'NCURSES_EXPORT'
#  define NCURSES_EXPORT(type) NCURSES_IMPEXP type NCURSES_API
                               ^
include/ncurses_dll.h:110:26: note: expanded from macro 'NCURSES_IMPEXP'
#  define NCURSES_IMPEXP @NCURSES_IMPEXP@
                         ^
In file included from configure:24217:
In file included from ./c++/etip.h.in:117:
/Applications/Xcode.app/Contents/Developer/Platforms/MacOSX.platform/Developer/SDKs/MacOSX.sdk/usr/include/curses.h:523:8: error: expected unqualified-id
extern NCURSES_EXPORT(int) addnstr (const char *, int);                 /* generated */
       ^
include/ncurses_dll.h:119:32: note: expanded from macro 'NCURSES_EXPORT'
#  define NCURSES_EXPORT(type) NCURSES_IMPEXP type NCURSES_API
                               ^
include/ncurses_dll.h:110:26: note: expanded from macro 'NCURSES_IMPEXP'
#  define NCURSES_IMPEXP @NCURSES_IMPEXP@
                         ^
In file included from configure:24217:
In file included from ./c++/etip.h.in:117:
/Applications/Xcode.app/Contents/Developer/Platforms/MacOSX.platform/Developer/SDKs/MacOSX.sdk/usr/include/curses.h:524:8: error: expected unqualified-id
extern NCURSES_EXPORT(int) addstr (const char *);                       /* generated */
       ^
include/ncurses_dll.h:119:32: note: expanded from macro 'NCURSES_EXPORT'
#  define NCURSES_EXPORT(type) NCURSES_IMPEXP type NCURSES_API
                               ^
include/ncurses_dll.h:110:26: note: expanded from macro 'NCURSES_IMPEXP'
#  define NCURSES_IMPEXP @NCURSES_IMPEXP@
                         ^
In file included from configure:24217:
In file included from ./c++/etip.h.in:117:
/Applications/Xcode.app/Contents/Developer/Platforms/MacOSX.platform/Developer/SDKs/MacOSX.sdk/usr/include/curses.h:525:8: error: expected unqualified-id
extern NCURSES_EXPORT(int) attroff (NCURSES_ATTR_T);                    /* generated */
       ^
include/ncurses_dll.h:119:32: note: expanded from macro 'NCURSES_EXPORT'
#  define NCURSES_EXPORT(type) NCURSES_IMPEXP type NCURSES_API
                               ^
include/ncurses_dll.h:110:26: note: expanded from macro 'NCURSES_IMPEXP'
#  define NCURSES_IMPEXP @NCURSES_IMPEXP@
                         ^
In file included from configure:24217:
In file included from ./c++/etip.h.in:117:
/Applications/Xcode.app/Contents/Developer/Platforms/MacOSX.platform/Developer/SDKs/MacOSX.sdk/usr/include/curses.h:526:8: error: expected unqualified-id
extern NCURSES_EXPORT(int) attron (NCURSES_ATTR_T);                     /* generated */
       ^
include/ncurses_dll.h:119:32: note: expanded from macro 'NCURSES_EXPORT'
#  define NCURSES_EXPORT(type) NCURSES_IMPEXP type NCURSES_API
                               ^
include/ncurses_dll.h:110:26: note: expanded from macro 'NCURSES_IMPEXP'
#  define NCURSES_IMPEXP @NCURSES_IMPEXP@
                         ^
In file included from configure:24217:
In file included from ./c++/etip.h.in:117:
/Applications/Xcode.app/Contents/Developer/Platforms/MacOSX.platform/Developer/SDKs/MacOSX.sdk/usr/include/curses.h:527:8: error: expected unqualified-id
extern NCURSES_EXPORT(int) attrset (NCURSES_ATTR_T);                    /* generated */
       ^
include/ncurses_dll.h:119:32: note: expanded from macro 'NCURSES_EXPORT'
#  define NCURSES_EXPORT(type) NCURSES_IMPEXP type NCURSES_API
                               ^
include/ncurses_dll.h:110:26: note: expanded from macro 'NCURSES_IMPEXP'
#  define NCURSES_IMPEXP @NCURSES_IMPEXP@
                         ^
In file included from configure:24217:
In file included from ./c++/etip.h.in:117:
/Applications/Xcode.app/Contents/Developer/Platforms/MacOSX.platform/Developer/SDKs/MacOSX.sdk/usr/include/curses.h:528:8: error: expected unqualified-id
extern NCURSES_EXPORT(int) attr_get (attr_t *, short *, void *);        /* generated */
       ^
include/ncurses_dll.h:119:32: note: expanded from macro 'NCURSES_EXPORT'
#  define NCURSES_EXPORT(type) NCURSES_IMPEXP type NCURSES_API
                               ^
include/ncurses_dll.h:110:26: note: expanded from macro 'NCURSES_IMPEXP'
#  define NCURSES_IMPEXP @NCURSES_IMPEXP@
                         ^
In file included from configure:24217:
In file included from ./c++/etip.h.in:117:
/Applications/Xcode.app/Contents/Developer/Platforms/MacOSX.platform/Developer/SDKs/MacOSX.sdk/usr/include/curses.h:529:8: error: expected unqualified-id
extern NCURSES_EXPORT(int) attr_off (attr_t, void *);                   /* generated */
       ^
include/ncurses_dll.h:119:32: note: expanded from macro 'NCURSES_EXPORT'
#  define NCURSES_EXPORT(type) NCURSES_IMPEXP type NCURSES_API
                               ^
include/ncurses_dll.h:110:26: note: expanded from macro 'NCURSES_IMPEXP'
#  define NCURSES_IMPEXP @NCURSES_IMPEXP@
                         ^
In file included from configure:24217:
In file included from ./c++/etip.h.in:117:
/Applications/Xcode.app/Contents/Developer/Platforms/MacOSX.platform/Developer/SDKs/MacOSX.sdk/usr/include/curses.h:530:8: error: expected unqualified-id
extern NCURSES_EXPORT(int) attr_on (attr_t, void *);                    /* generated */
       ^
include/ncurses_dll.h:119:32: note: expanded from macro 'NCURSES_EXPORT'
#  define NCURSES_EXPORT(type) NCURSES_IMPEXP type NCURSES_API
                               ^
include/ncurses_dll.h:110:26: note: expanded from macro 'NCURSES_IMPEXP'
#  define NCURSES_IMPEXP @NCURSES_IMPEXP@
                         ^
In file included from configure:24217:
In file included from ./c++/etip.h.in:117:
/Applications/Xcode.app/Contents/Developer/Platforms/MacOSX.platform/Developer/SDKs/MacOSX.sdk/usr/include/curses.h:531:8: error: expected unqualified-id
extern NCURSES_EXPORT(int) attr_set (attr_t, short, void *);            /* generated */
       ^
include/ncurses_dll.h:119:32: note: expanded from macro 'NCURSES_EXPORT'
#  define NCURSES_EXPORT(type) NCURSES_IMPEXP type NCURSES_API
                               ^
include/ncurses_dll.h:110:26: note: expanded from macro 'NCURSES_IMPEXP'
#  define NCURSES_IMPEXP @NCURSES_IMPEXP@
                         ^
In file included from configure:24217:
In file included from ./c++/etip.h.in:117:
/Applications/Xcode.app/Contents/Developer/Platforms/MacOSX.platform/Developer/SDKs/MacOSX.sdk/usr/include/curses.h:532:8: error: expected unqualified-id
extern NCURSES_EXPORT(int) baudrate (void);                             /* implemented */
       ^
include/ncurses_dll.h:119:32: note: expanded from macro 'NCURSES_EXPORT'
#  define NCURSES_EXPORT(type) NCURSES_IMPEXP type NCURSES_API
                               ^
include/ncurses_dll.h:110:26: note: expanded from macro 'NCURSES_IMPEXP'
#  define NCURSES_IMPEXP @NCURSES_IMPEXP@
                         ^
In file included from configure:24217:
In file included from ./c++/etip.h.in:117:
/Applications/Xcode.app/Contents/Developer/Platforms/MacOSX.platform/Developer/SDKs/MacOSX.sdk/usr/include/curses.h:533:8: error: expected unqualified-id
extern NCURSES_EXPORT(int) beep  (void);                                /* implemented */
       ^
include/ncurses_dll.h:119:32: note: expanded from macro 'NCURSES_EXPORT'
#  define NCURSES_EXPORT(type) NCURSES_IMPEXP type NCURSES_API
                               ^
include/ncurses_dll.h:110:26: note: expanded from macro 'NCURSES_IMPEXP'
#  define NCURSES_IMPEXP @NCURSES_IMPEXP@
                         ^
In file included from configure:24217:
In file included from ./c++/etip.h.in:117:
/Applications/Xcode.app/Contents/Developer/Platforms/MacOSX.platform/Developer/SDKs/MacOSX.sdk/usr/include/curses.h:534:8: error: expected unqualified-id
extern NCURSES_EXPORT(int) bkgd (chtype);                               /* generated */
       ^
include/ncurses_dll.h:119:32: note: expanded from macro 'NCURSES_EXPORT'
#  define NCURSES_EXPORT(type) NCURSES_IMPEXP type NCURSES_API
                               ^
include/ncurses_dll.h:110:26: note: expanded from macro 'NCURSES_IMPEXP'
#  define NCURSES_IMPEXP @NCURSES_IMPEXP@
                         ^
In file included from configure:24217:
In file included from ./c++/etip.h.in:117:
/Applications/Xcode.app/Contents/Developer/Platforms/MacOSX.platform/Developer/SDKs/MacOSX.sdk/usr/include/curses.h:535:8: error: expected unqualified-id
extern NCURSES_EXPORT(void) bkgdset (chtype);                           /* generated */
       ^
include/ncurses_dll.h:119:32: note: expanded from macro 'NCURSES_EXPORT'
#  define NCURSES_EXPORT(type) NCURSES_IMPEXP type NCURSES_API
                               ^
include/ncurses_dll.h:110:26: note: expanded from macro 'NCURSES_IMPEXP'
#  define NCURSES_IMPEXP @NCURSES_IMPEXP@
                         ^
In file included from configure:24217:
In file included from ./c++/etip.h.in:117:
/Applications/Xcode.app/Contents/Developer/Platforms/MacOSX.platform/Developer/SDKs/MacOSX.sdk/usr/include/curses.h:536:8: error: expected unqualified-id
extern NCURSES_EXPORT(int) border (chtype,chtype,chtype,chtype,chtype,chtype,chtype,chtype);    /* generated */
       ^
include/ncurses_dll.h:119:32: note: expanded from macro 'NCURSES_EXPORT'
#  define NCURSES_EXPORT(type) NCURSES_IMPEXP type NCURSES_API
                               ^
include/ncurses_dll.h:110:26: note: expanded from macro 'NCURSES_IMPEXP'
#  define NCURSES_IMPEXP @NCURSES_IMPEXP@
                         ^
fatal error: too many errors emitted, stopping now [-ferror-limit=]
20 errors generated.
configure:24232: $? = 1
configure: failed program was:
#line 24215 "configure"
#include "confdefs.h"

#include <etip.h.in>

int
main (void)
{

  ;
  return 0;
}
configure:24229: /usr/bin/g++ -c -O2 -I./c++ -I./menu -Iinclude -I./include -DETIP_NEEDS_MATH_EXCEPTION -D_DARWIN_C_SOURCE -DNDEBUG conftest.cc >&5
In file included from configure:24217:
In file included from ./c++/etip.h.in:117:
In file included from /Applications/Xcode.app/Contents/Developer/Platforms/MacOSX.platform/Developer/SDKs/MacOSX.sdk/usr/include/curses.h:141:
/Applications/Xcode.app/Contents/Developer/Platforms/MacOSX.platform/Developer/SDKs/MacOSX.sdk/usr/include/unctrl.h:57:1: error: expected unqualified-id
NCURSES_EXPORT(NCURSES_CONST char *) unctrl (chtype);
^
include/ncurses_dll.h:119:32: note: expanded from macro 'NCURSES_EXPORT'
#  define NCURSES_EXPORT(type) NCURSES_IMPEXP type NCURSES_API
                               ^
include/ncurses_dll.h:110:26: note: expanded from macro 'NCURSES_IMPEXP'
#  define NCURSES_IMPEXP @NCURSES_IMPEXP@
                         ^
In file included from configure:24217:
In file included from ./c++/etip.h.in:117:
/Applications/Xcode.app/Contents/Developer/Platforms/MacOSX.platform/Developer/SDKs/MacOSX.sdk/usr/include/curses.h:231:8: error: expected unqualified-id
extern NCURSES_EXPORT_VAR(chtype) acs_map[];
       ^
include/ncurses_dll.h:122:36: note: expanded from macro 'NCURSES_EXPORT_VAR'
#  define NCURSES_EXPORT_VAR(type) NCURSES_IMPEXP type
                                   ^
include/ncurses_dll.h:110:26: note: expanded from macro 'NCURSES_IMPEXP'
#  define NCURSES_IMPEXP @NCURSES_IMPEXP@
                         ^
In file included from configure:24217:
In file included from ./c++/etip.h.in:117:
/Applications/Xcode.app/Contents/Developer/Platforms/MacOSX.platform/Developer/SDKs/MacOSX.sdk/usr/include/curses.h:520:8: error: expected unqualified-id
extern NCURSES_EXPORT(int) addch (const chtype);                        /* generated */
       ^
include/ncurses_dll.h:119:32: note: expanded from macro 'NCURSES_EXPORT'
#  define NCURSES_EXPORT(type) NCURSES_IMPEXP type NCURSES_API
                               ^
include/ncurses_dll.h:110:26: note: expanded from macro 'NCURSES_IMPEXP'
#  define NCURSES_IMPEXP @NCURSES_IMPEXP@
                         ^
In file included from configure:24217:
In file included from ./c++/etip.h.in:117:
/Applications/Xcode.app/Contents/Developer/Platforms/MacOSX.platform/Developer/SDKs/MacOSX.sdk/usr/include/curses.h:521:8: error: expected unqualified-id
extern NCURSES_EXPORT(int) addchnstr (const chtype *, int);             /* generated */
       ^
include/ncurses_dll.h:119:32: note: expanded from macro 'NCURSES_EXPORT'
#  define NCURSES_EXPORT(type) NCURSES_IMPEXP type NCURSES_API
                               ^
include/ncurses_dll.h:110:26: note: expanded from macro 'NCURSES_IMPEXP'
#  define NCURSES_IMPEXP @NCURSES_IMPEXP@
                         ^
In file included from configure:24217:
In file included from ./c++/etip.h.in:117:
/Applications/Xcode.app/Contents/Developer/Platforms/MacOSX.platform/Developer/SDKs/MacOSX.sdk/usr/include/curses.h:522:8: error: expected unqualified-id
extern NCURSES_EXPORT(int) addchstr (const chtype *);                   /* generated */
       ^
include/ncurses_dll.h:119:32: note: expanded from macro 'NCURSES_EXPORT'
#  define NCURSES_EXPORT(type) NCURSES_IMPEXP type NCURSES_API
                               ^
include/ncurses_dll.h:110:26: note: expanded from macro 'NCURSES_IMPEXP'
#  define NCURSES_IMPEXP @NCURSES_IMPEXP@
                         ^
In file included from configure:24217:
In file included from ./c++/etip.h.in:117:
/Applications/Xcode.app/Contents/Developer/Platforms/MacOSX.platform/Developer/SDKs/MacOSX.sdk/usr/include/curses.h:523:8: error: expected unqualified-id
extern NCURSES_EXPORT(int) addnstr (const char *, int);                 /* generated */
       ^
include/ncurses_dll.h:119:32: note: expanded from macro 'NCURSES_EXPORT'
#  define NCURSES_EXPORT(type) NCURSES_IMPEXP type NCURSES_API
                               ^
include/ncurses_dll.h:110:26: note: expanded from macro 'NCURSES_IMPEXP'
#  define NCURSES_IMPEXP @NCURSES_IMPEXP@
                         ^
In file included from configure:24217:
In file included from ./c++/etip.h.in:117:
/Applications/Xcode.app/Contents/Developer/Platforms/MacOSX.platform/Developer/SDKs/MacOSX.sdk/usr/include/curses.h:524:8: error: expected unqualified-id
extern NCURSES_EXPORT(int) addstr (const char *);                       /* generated */
       ^
include/ncurses_dll.h:119:32: note: expanded from macro 'NCURSES_EXPORT'
#  define NCURSES_EXPORT(type) NCURSES_IMPEXP type NCURSES_API
                               ^
include/ncurses_dll.h:110:26: note: expanded from macro 'NCURSES_IMPEXP'
#  define NCURSES_IMPEXP @NCURSES_IMPEXP@
                         ^
In file included from configure:24217:
In file included from ./c++/etip.h.in:117:
/Applications/Xcode.app/Contents/Developer/Platforms/MacOSX.platform/Developer/SDKs/MacOSX.sdk/usr/include/curses.h:525:8: error: expected unqualified-id
extern NCURSES_EXPORT(int) attroff (NCURSES_ATTR_T);                    /* generated */
       ^
include/ncurses_dll.h:119:32: note: expanded from macro 'NCURSES_EXPORT'
#  define NCURSES_EXPORT(type) NCURSES_IMPEXP type NCURSES_API
                               ^
include/ncurses_dll.h:110:26: note: expanded from macro 'NCURSES_IMPEXP'
#  define NCURSES_IMPEXP @NCURSES_IMPEXP@
                         ^
In file included from configure:24217:
In file included from ./c++/etip.h.in:117:
/Applications/Xcode.app/Contents/Developer/Platforms/MacOSX.platform/Developer/SDKs/MacOSX.sdk/usr/include/curses.h:526:8: error: expected unqualified-id
extern NCURSES_EXPORT(int) attron (NCURSES_ATTR_T);                     /* generated */
       ^
include/ncurses_dll.h:119:32: note: expanded from macro 'NCURSES_EXPORT'
#  define NCURSES_EXPORT(type) NCURSES_IMPEXP type NCURSES_API
                               ^
include/ncurses_dll.h:110:26: note: expanded from macro 'NCURSES_IMPEXP'
#  define NCURSES_IMPEXP @NCURSES_IMPEXP@
                         ^
In file included from configure:24217:
In file included from ./c++/etip.h.in:117:
/Applications/Xcode.app/Contents/Developer/Platforms/MacOSX.platform/Developer/SDKs/MacOSX.sdk/usr/include/curses.h:527:8: error: expected unqualified-id
extern NCURSES_EXPORT(int) attrset (NCURSES_ATTR_T);                    /* generated */
       ^
include/ncurses_dll.h:119:32: note: expanded from macro 'NCURSES_EXPORT'
#  define NCURSES_EXPORT(type) NCURSES_IMPEXP type NCURSES_API
                               ^
include/ncurses_dll.h:110:26: note: expanded from macro 'NCURSES_IMPEXP'
#  define NCURSES_IMPEXP @NCURSES_IMPEXP@
                         ^
In file included from configure:24217:
In file included from ./c++/etip.h.in:117:
/Applications/Xcode.app/Contents/Developer/Platforms/MacOSX.platform/Developer/SDKs/MacOSX.sdk/usr/include/curses.h:528:8: error: expected unqualified-id
extern NCURSES_EXPORT(int) attr_get (attr_t *, short *, void *);        /* generated */
       ^
include/ncurses_dll.h:119:32: note: expanded from macro 'NCURSES_EXPORT'
#  define NCURSES_EXPORT(type) NCURSES_IMPEXP type NCURSES_API
                               ^
include/ncurses_dll.h:110:26: note: expanded from macro 'NCURSES_IMPEXP'
#  define NCURSES_IMPEXP @NCURSES_IMPEXP@
                         ^
In file included from configure:24217:
In file included from ./c++/etip.h.in:117:
/Applications/Xcode.app/Contents/Developer/Platforms/MacOSX.platform/Developer/SDKs/MacOSX.sdk/usr/include/curses.h:529:8: error: expected unqualified-id
extern NCURSES_EXPORT(int) attr_off (attr_t, void *);                   /* generated */
       ^
include/ncurses_dll.h:119:32: note: expanded from macro 'NCURSES_EXPORT'
#  define NCURSES_EXPORT(type) NCURSES_IMPEXP type NCURSES_API
                               ^
include/ncurses_dll.h:110:26: note: expanded from macro 'NCURSES_IMPEXP'
#  define NCURSES_IMPEXP @NCURSES_IMPEXP@
                         ^
In file included from configure:24217:
In file included from ./c++/etip.h.in:117:
/Applications/Xcode.app/Contents/Developer/Platforms/MacOSX.platform/Developer/SDKs/MacOSX.sdk/usr/include/curses.h:530:8: error: expected unqualified-id
extern NCURSES_EXPORT(int) attr_on (attr_t, void *);                    /* generated */
       ^
include/ncurses_dll.h:119:32: note: expanded from macro 'NCURSES_EXPORT'
#  define NCURSES_EXPORT(type) NCURSES_IMPEXP type NCURSES_API
                               ^
include/ncurses_dll.h:110:26: note: expanded from macro 'NCURSES_IMPEXP'
#  define NCURSES_IMPEXP @NCURSES_IMPEXP@
                         ^
In file included from configure:24217:
In file included from ./c++/etip.h.in:117:
/Applications/Xcode.app/Contents/Developer/Platforms/MacOSX.platform/Developer/SDKs/MacOSX.sdk/usr/include/curses.h:531:8: error: expected unqualified-id
extern NCURSES_EXPORT(int) attr_set (attr_t, short, void *);            /* generated */
       ^
include/ncurses_dll.h:119:32: note: expanded from macro 'NCURSES_EXPORT'
#  define NCURSES_EXPORT(type) NCURSES_IMPEXP type NCURSES_API
                               ^
include/ncurses_dll.h:110:26: note: expanded from macro 'NCURSES_IMPEXP'
#  define NCURSES_IMPEXP @NCURSES_IMPEXP@
                         ^
In file included from configure:24217:
In file included from ./c++/etip.h.in:117:
/Applications/Xcode.app/Contents/Developer/Platforms/MacOSX.platform/Developer/SDKs/MacOSX.sdk/usr/include/curses.h:532:8: error: expected unqualified-id
extern NCURSES_EXPORT(int) baudrate (void);                             /* implemented */
       ^
include/ncurses_dll.h:119:32: note: expanded from macro 'NCURSES_EXPORT'
#  define NCURSES_EXPORT(type) NCURSES_IMPEXP type NCURSES_API
                               ^
include/ncurses_dll.h:110:26: note: expanded from macro 'NCURSES_IMPEXP'
#  define NCURSES_IMPEXP @NCURSES_IMPEXP@
                         ^
In file included from configure:24217:
In file included from ./c++/etip.h.in:117:
/Applications/Xcode.app/Contents/Developer/Platforms/MacOSX.platform/Developer/SDKs/MacOSX.sdk/usr/include/curses.h:533:8: error: expected unqualified-id
extern NCURSES_EXPORT(int) beep  (void);                                /* implemented */
       ^
include/ncurses_dll.h:119:32: note: expanded from macro 'NCURSES_EXPORT'
#  define NCURSES_EXPORT(type) NCURSES_IMPEXP type NCURSES_API
                               ^
include/ncurses_dll.h:110:26: note: expanded from macro 'NCURSES_IMPEXP'
#  define NCURSES_IMPEXP @NCURSES_IMPEXP@
                         ^
In file included from configure:24217:
In file included from ./c++/etip.h.in:117:
/Applications/Xcode.app/Contents/Developer/Platforms/MacOSX.platform/Developer/SDKs/MacOSX.sdk/usr/include/curses.h:534:8: error: expected unqualified-id
extern NCURSES_EXPORT(int) bkgd (chtype);                               /* generated */
       ^
include/ncurses_dll.h:119:32: note: expanded from macro 'NCURSES_EXPORT'
#  define NCURSES_EXPORT(type) NCURSES_IMPEXP type NCURSES_API
                               ^
include/ncurses_dll.h:110:26: note: expanded from macro 'NCURSES_IMPEXP'
#  define NCURSES_IMPEXP @NCURSES_IMPEXP@
                         ^
In file included from configure:24217:
In file included from ./c++/etip.h.in:117:
/Applications/Xcode.app/Contents/Developer/Platforms/MacOSX.platform/Developer/SDKs/MacOSX.sdk/usr/include/curses.h:535:8: error: expected unqualified-id
extern NCURSES_EXPORT(void) bkgdset (chtype);                           /* generated */
       ^
include/ncurses_dll.h:119:32: note: expanded from macro 'NCURSES_EXPORT'
#  define NCURSES_EXPORT(type) NCURSES_IMPEXP type NCURSES_API
                               ^
include/ncurses_dll.h:110:26: note: expanded from macro 'NCURSES_IMPEXP'
#  define NCURSES_IMPEXP @NCURSES_IMPEXP@
                         ^
In file included from configure:24217:
In file included from ./c++/etip.h.in:117:
/Applications/Xcode.app/Contents/Developer/Platforms/MacOSX.platform/Developer/SDKs/MacOSX.sdk/usr/include/curses.h:536:8: error: expected unqualified-id
extern NCURSES_EXPORT(int) border (chtype,chtype,chtype,chtype,chtype,chtype,chtype,chtype);    /* generated */
       ^
include/ncurses_dll.h:119:32: note: expanded from macro 'NCURSES_EXPORT'
#  define NCURSES_EXPORT(type) NCURSES_IMPEXP type NCURSES_API
                               ^
include/ncurses_dll.h:110:26: note: expanded from macro 'NCURSES_IMPEXP'
#  define NCURSES_IMPEXP @NCURSES_IMPEXP@
                         ^
fatal error: too many errors emitted, stopping now [-ferror-limit=]
20 errors generated.
configure:24232: $? = 1
configure: failed program was:
#line 24215 "configure"
#include "confdefs.h"

#include <etip.h.in>

int
main (void)
{

  ;
  return 0;
}
configure:24229: /usr/bin/g++ -c -O2 -I./c++ -I./menu -Iinclude -I./include -DETIP_NEEDS_MATH_H -D_DARWIN_C_SOURCE -DNDEBUG conftest.cc >&5
In file included from configure:24217:
In file included from ./c++/etip.h.in:117:
In file included from /Applications/Xcode.app/Contents/Developer/Platforms/MacOSX.platform/Developer/SDKs/MacOSX.sdk/usr/include/curses.h:141:
/Applications/Xcode.app/Contents/Developer/Platforms/MacOSX.platform/Developer/SDKs/MacOSX.sdk/usr/include/unctrl.h:57:1: error: expected unqualified-id
NCURSES_EXPORT(NCURSES_CONST char *) unctrl (chtype);
^
include/ncurses_dll.h:119:32: note: expanded from macro 'NCURSES_EXPORT'
#  define NCURSES_EXPORT(type) NCURSES_IMPEXP type NCURSES_API
                               ^
include/ncurses_dll.h:110:26: note: expanded from macro 'NCURSES_IMPEXP'
#  define NCURSES_IMPEXP @NCURSES_IMPEXP@
                         ^
In file included from configure:24217:
In file included from ./c++/etip.h.in:117:
/Applications/Xcode.app/Contents/Developer/Platforms/MacOSX.platform/Developer/SDKs/MacOSX.sdk/usr/include/curses.h:231:8: error: expected unqualified-id
extern NCURSES_EXPORT_VAR(chtype) acs_map[];
       ^
include/ncurses_dll.h:122:36: note: expanded from macro 'NCURSES_EXPORT_VAR'
#  define NCURSES_EXPORT_VAR(type) NCURSES_IMPEXP type
                                   ^
include/ncurses_dll.h:110:26: note: expanded from macro 'NCURSES_IMPEXP'
#  define NCURSES_IMPEXP @NCURSES_IMPEXP@
                         ^
In file included from configure:24217:
In file included from ./c++/etip.h.in:117:
/Applications/Xcode.app/Contents/Developer/Platforms/MacOSX.platform/Developer/SDKs/MacOSX.sdk/usr/include/curses.h:520:8: error: expected unqualified-id
extern NCURSES_EXPORT(int) addch (const chtype);                        /* generated */
       ^
include/ncurses_dll.h:119:32: note: expanded from macro 'NCURSES_EXPORT'
#  define NCURSES_EXPORT(type) NCURSES_IMPEXP type NCURSES_API
                               ^
include/ncurses_dll.h:110:26: note: expanded from macro 'NCURSES_IMPEXP'
#  define NCURSES_IMPEXP @NCURSES_IMPEXP@
                         ^
In file included from configure:24217:
In file included from ./c++/etip.h.in:117:
/Applications/Xcode.app/Contents/Developer/Platforms/MacOSX.platform/Developer/SDKs/MacOSX.sdk/usr/include/curses.h:521:8: error: expected unqualified-id
extern NCURSES_EXPORT(int) addchnstr (const chtype *, int);             /* generated */
       ^
include/ncurses_dll.h:119:32: note: expanded from macro 'NCURSES_EXPORT'
#  define NCURSES_EXPORT(type) NCURSES_IMPEXP type NCURSES_API
                               ^
include/ncurses_dll.h:110:26: note: expanded from macro 'NCURSES_IMPEXP'
#  define NCURSES_IMPEXP @NCURSES_IMPEXP@
                         ^
In file included from configure:24217:
In file included from ./c++/etip.h.in:117:
/Applications/Xcode.app/Contents/Developer/Platforms/MacOSX.platform/Developer/SDKs/MacOSX.sdk/usr/include/curses.h:522:8: error: expected unqualified-id
extern NCURSES_EXPORT(int) addchstr (const chtype *);                   /* generated */
       ^
include/ncurses_dll.h:119:32: note: expanded from macro 'NCURSES_EXPORT'
#  define NCURSES_EXPORT(type) NCURSES_IMPEXP type NCURSES_API
                               ^
include/ncurses_dll.h:110:26: note: expanded from macro 'NCURSES_IMPEXP'
#  define NCURSES_IMPEXP @NCURSES_IMPEXP@
                         ^
In file included from configure:24217:
In file included from ./c++/etip.h.in:117:
/Applications/Xcode.app/Contents/Developer/Platforms/MacOSX.platform/Developer/SDKs/MacOSX.sdk/usr/include/curses.h:523:8: error: expected unqualified-id
extern NCURSES_EXPORT(int) addnstr (const char *, int);                 /* generated */
       ^
include/ncurses_dll.h:119:32: note: expanded from macro 'NCURSES_EXPORT'
#  define NCURSES_EXPORT(type) NCURSES_IMPEXP type NCURSES_API
                               ^
include/ncurses_dll.h:110:26: note: expanded from macro 'NCURSES_IMPEXP'
#  define NCURSES_IMPEXP @NCURSES_IMPEXP@
                         ^
In file included from configure:24217:
In file included from ./c++/etip.h.in:117:
/Applications/Xcode.app/Contents/Developer/Platforms/MacOSX.platform/Developer/SDKs/MacOSX.sdk/usr/include/curses.h:524:8: error: expected unqualified-id
extern NCURSES_EXPORT(int) addstr (const char *);                       /* generated */
       ^
include/ncurses_dll.h:119:32: note: expanded from macro 'NCURSES_EXPORT'
#  define NCURSES_EXPORT(type) NCURSES_IMPEXP type NCURSES_API
                               ^
include/ncurses_dll.h:110:26: note: expanded from macro 'NCURSES_IMPEXP'
#  define NCURSES_IMPEXP @NCURSES_IMPEXP@
                         ^
In file included from configure:24217:
In file included from ./c++/etip.h.in:117:
/Applications/Xcode.app/Contents/Developer/Platforms/MacOSX.platform/Developer/SDKs/MacOSX.sdk/usr/include/curses.h:525:8: error: expected unqualified-id
extern NCURSES_EXPORT(int) attroff (NCURSES_ATTR_T);                    /* generated */
       ^
include/ncurses_dll.h:119:32: note: expanded from macro 'NCURSES_EXPORT'
#  define NCURSES_EXPORT(type) NCURSES_IMPEXP type NCURSES_API
                               ^
include/ncurses_dll.h:110:26: note: expanded from macro 'NCURSES_IMPEXP'
#  define NCURSES_IMPEXP @NCURSES_IMPEXP@
                         ^
In file included from configure:24217:
In file included from ./c++/etip.h.in:117:
/Applications/Xcode.app/Contents/Developer/Platforms/MacOSX.platform/Developer/SDKs/MacOSX.sdk/usr/include/curses.h:526:8: error: expected unqualified-id
extern NCURSES_EXPORT(int) attron (NCURSES_ATTR_T);                     /* generated */
       ^
include/ncurses_dll.h:119:32: note: expanded from macro 'NCURSES_EXPORT'
#  define NCURSES_EXPORT(type) NCURSES_IMPEXP type NCURSES_API
                               ^
include/ncurses_dll.h:110:26: note: expanded from macro 'NCURSES_IMPEXP'
#  define NCURSES_IMPEXP @NCURSES_IMPEXP@
                         ^
In file included from configure:24217:
In file included from ./c++/etip.h.in:117:
/Applications/Xcode.app/Contents/Developer/Platforms/MacOSX.platform/Developer/SDKs/MacOSX.sdk/usr/include/curses.h:527:8: error: expected unqualified-id
extern NCURSES_EXPORT(int) attrset (NCURSES_ATTR_T);                    /* generated */
       ^
include/ncurses_dll.h:119:32: note: expanded from macro 'NCURSES_EXPORT'
#  define NCURSES_EXPORT(type) NCURSES_IMPEXP type NCURSES_API
                               ^
include/ncurses_dll.h:110:26: note: expanded from macro 'NCURSES_IMPEXP'
#  define NCURSES_IMPEXP @NCURSES_IMPEXP@
                         ^
In file included from configure:24217:
In file included from ./c++/etip.h.in:117:
/Applications/Xcode.app/Contents/Developer/Platforms/MacOSX.platform/Developer/SDKs/MacOSX.sdk/usr/include/curses.h:528:8: error: expected unqualified-id
extern NCURSES_EXPORT(int) attr_get (attr_t *, short *, void *);        /* generated */
       ^
include/ncurses_dll.h:119:32: note: expanded from macro 'NCURSES_EXPORT'
#  define NCURSES_EXPORT(type) NCURSES_IMPEXP type NCURSES_API
                               ^
include/ncurses_dll.h:110:26: note: expanded from macro 'NCURSES_IMPEXP'
#  define NCURSES_IMPEXP @NCURSES_IMPEXP@
                         ^
In file included from configure:24217:
In file included from ./c++/etip.h.in:117:
/Applications/Xcode.app/Contents/Developer/Platforms/MacOSX.platform/Developer/SDKs/MacOSX.sdk/usr/include/curses.h:529:8: error: expected unqualified-id
extern NCURSES_EXPORT(int) attr_off (attr_t, void *);                   /* generated */
       ^
include/ncurses_dll.h:119:32: note: expanded from macro 'NCURSES_EXPORT'
#  define NCURSES_EXPORT(type) NCURSES_IMPEXP type NCURSES_API
                               ^
include/ncurses_dll.h:110:26: note: expanded from macro 'NCURSES_IMPEXP'
#  define NCURSES_IMPEXP @NCURSES_IMPEXP@
                         ^
In file included from configure:24217:
In file included from ./c++/etip.h.in:117:
/Applications/Xcode.app/Contents/Developer/Platforms/MacOSX.platform/Developer/SDKs/MacOSX.sdk/usr/include/curses.h:530:8: error: expected unqualified-id
extern NCURSES_EXPORT(int) attr_on (attr_t, void *);                    /* generated */
       ^
include/ncurses_dll.h:119:32: note: expanded from macro 'NCURSES_EXPORT'
#  define NCURSES_EXPORT(type) NCURSES_IMPEXP type NCURSES_API
                               ^
include/ncurses_dll.h:110:26: note: expanded from macro 'NCURSES_IMPEXP'
#  define NCURSES_IMPEXP @NCURSES_IMPEXP@
                         ^
In file included from configure:24217:
In file included from ./c++/etip.h.in:117:
/Applications/Xcode.app/Contents/Developer/Platforms/MacOSX.platform/Developer/SDKs/MacOSX.sdk/usr/include/curses.h:531:8: error: expected unqualified-id
extern NCURSES_EXPORT(int) attr_set (attr_t, short, void *);            /* generated */
       ^
include/ncurses_dll.h:119:32: note: expanded from macro 'NCURSES_EXPORT'
#  define NCURSES_EXPORT(type) NCURSES_IMPEXP type NCURSES_API
                               ^
include/ncurses_dll.h:110:26: note: expanded from macro 'NCURSES_IMPEXP'
#  define NCURSES_IMPEXP @NCURSES_IMPEXP@
                         ^
In file included from configure:24217:
In file included from ./c++/etip.h.in:117:
/Applications/Xcode.app/Contents/Developer/Platforms/MacOSX.platform/Developer/SDKs/MacOSX.sdk/usr/include/curses.h:532:8: error: expected unqualified-id
extern NCURSES_EXPORT(int) baudrate (void);                             /* implemented */
       ^
include/ncurses_dll.h:119:32: note: expanded from macro 'NCURSES_EXPORT'
#  define NCURSES_EXPORT(type) NCURSES_IMPEXP type NCURSES_API
                               ^
include/ncurses_dll.h:110:26: note: expanded from macro 'NCURSES_IMPEXP'
#  define NCURSES_IMPEXP @NCURSES_IMPEXP@
                         ^
In file included from configure:24217:
In file included from ./c++/etip.h.in:117:
/Applications/Xcode.app/Contents/Developer/Platforms/MacOSX.platform/Developer/SDKs/MacOSX.sdk/usr/include/curses.h:533:8: error: expected unqualified-id
extern NCURSES_EXPORT(int) beep  (void);                                /* implemented */
       ^
include/ncurses_dll.h:119:32: note: expanded from macro 'NCURSES_EXPORT'
#  define NCURSES_EXPORT(type) NCURSES_IMPEXP type NCURSES_API
                               ^
include/ncurses_dll.h:110:26: note: expanded from macro 'NCURSES_IMPEXP'
#  define NCURSES_IMPEXP @NCURSES_IMPEXP@
                         ^
In file included from configure:24217:
In file included from ./c++/etip.h.in:117:
/Applications/Xcode.app/Contents/Developer/Platforms/MacOSX.platform/Developer/SDKs/MacOSX.sdk/usr/include/curses.h:534:8: error: expected unqualified-id
extern NCURSES_EXPORT(int) bkgd (chtype);                               /* generated */
       ^
include/ncurses_dll.h:119:32: note: expanded from macro 'NCURSES_EXPORT'
#  define NCURSES_EXPORT(type) NCURSES_IMPEXP type NCURSES_API
                               ^
include/ncurses_dll.h:110:26: note: expanded from macro 'NCURSES_IMPEXP'
#  define NCURSES_IMPEXP @NCURSES_IMPEXP@
                         ^
In file included from configure:24217:
In file included from ./c++/etip.h.in:117:
/Applications/Xcode.app/Contents/Developer/Platforms/MacOSX.platform/Developer/SDKs/MacOSX.sdk/usr/include/curses.h:535:8: error: expected unqualified-id
extern NCURSES_EXPORT(void) bkgdset (chtype);                           /* generated */
       ^
include/ncurses_dll.h:119:32: note: expanded from macro 'NCURSES_EXPORT'
#  define NCURSES_EXPORT(type) NCURSES_IMPEXP type NCURSES_API
                               ^
include/ncurses_dll.h:110:26: note: expanded from macro 'NCURSES_IMPEXP'
#  define NCURSES_IMPEXP @NCURSES_IMPEXP@
                         ^
In file included from configure:24217:
In file included from ./c++/etip.h.in:117:
/Applications/Xcode.app/Contents/Developer/Platforms/MacOSX.platform/Developer/SDKs/MacOSX.sdk/usr/include/curses.h:536:8: error: expected unqualified-id
extern NCURSES_EXPORT(int) border (chtype,chtype,chtype,chtype,chtype,chtype,chtype,chtype);    /* generated */
       ^
include/ncurses_dll.h:119:32: note: expanded from macro 'NCURSES_EXPORT'
#  define NCURSES_EXPORT(type) NCURSES_IMPEXP type NCURSES_API
                               ^
include/ncurses_dll.h:110:26: note: expanded from macro 'NCURSES_IMPEXP'
#  define NCURSES_IMPEXP @NCURSES_IMPEXP@
                         ^
fatal error: too many errors emitted, stopping now [-ferror-limit=]
20 errors generated.
configure:24232: $? = 1
configure: failed program was:
#line 24215 "configure"
#include "confdefs.h"

#include <etip.h.in>

int
main (void)
{

  ;
  return 0;
}
configure:24229: /usr/bin/g++ -c -O2 -I./c++ -I./menu -Iinclude -I./include -DETIP_NEEDS_MATH_H -DETIP_NEEDS_MATH_EXCEPTION -D_DARWIN_C_SOURCE -DNDEBUG conftest.cc >&5
In file included from configure:24217:
In file included from ./c++/etip.h.in:117:
In file included from /Applications/Xcode.app/Contents/Developer/Platforms/MacOSX.platform/Developer/SDKs/MacOSX.sdk/usr/include/curses.h:141:
/Applications/Xcode.app/Contents/Developer/Platforms/MacOSX.platform/Developer/SDKs/MacOSX.sdk/usr/include/unctrl.h:57:1: error: expected unqualified-id
NCURSES_EXPORT(NCURSES_CONST char *) unctrl (chtype);
^
include/ncurses_dll.h:119:32: note: expanded from macro 'NCURSES_EXPORT'
#  define NCURSES_EXPORT(type) NCURSES_IMPEXP type NCURSES_API
                               ^
include/ncurses_dll.h:110:26: note: expanded from macro 'NCURSES_IMPEXP'
#  define NCURSES_IMPEXP @NCURSES_IMPEXP@
                         ^
In file included from configure:24217:
In file included from ./c++/etip.h.in:117:
/Applications/Xcode.app/Contents/Developer/Platforms/MacOSX.platform/Developer/SDKs/MacOSX.sdk/usr/include/curses.h:231:8: error: expected unqualified-id
extern NCURSES_EXPORT_VAR(chtype) acs_map[];
       ^
include/ncurses_dll.h:122:36: note: expanded from macro 'NCURSES_EXPORT_VAR'
#  define NCURSES_EXPORT_VAR(type) NCURSES_IMPEXP type
                                   ^
include/ncurses_dll.h:110:26: note: expanded from macro 'NCURSES_IMPEXP'
#  define NCURSES_IMPEXP @NCURSES_IMPEXP@
                         ^
In file included from configure:24217:
In file included from ./c++/etip.h.in:117:
/Applications/Xcode.app/Contents/Developer/Platforms/MacOSX.platform/Developer/SDKs/MacOSX.sdk/usr/include/curses.h:520:8: error: expected unqualified-id
extern NCURSES_EXPORT(int) addch (const chtype);                        /* generated */
       ^
include/ncurses_dll.h:119:32: note: expanded from macro 'NCURSES_EXPORT'
#  define NCURSES_EXPORT(type) NCURSES_IMPEXP type NCURSES_API
                               ^
include/ncurses_dll.h:110:26: note: expanded from macro 'NCURSES_IMPEXP'
#  define NCURSES_IMPEXP @NCURSES_IMPEXP@
                         ^
In file included from configure:24217:
In file included from ./c++/etip.h.in:117:
/Applications/Xcode.app/Contents/Developer/Platforms/MacOSX.platform/Developer/SDKs/MacOSX.sdk/usr/include/curses.h:521:8: error: expected unqualified-id
extern NCURSES_EXPORT(int) addchnstr (const chtype *, int);             /* generated */
       ^
include/ncurses_dll.h:119:32: note: expanded from macro 'NCURSES_EXPORT'
#  define NCURSES_EXPORT(type) NCURSES_IMPEXP type NCURSES_API
                               ^
include/ncurses_dll.h:110:26: note: expanded from macro 'NCURSES_IMPEXP'
#  define NCURSES_IMPEXP @NCURSES_IMPEXP@
                         ^
In file included from configure:24217:
In file included from ./c++/etip.h.in:117:
/Applications/Xcode.app/Contents/Developer/Platforms/MacOSX.platform/Developer/SDKs/MacOSX.sdk/usr/include/curses.h:522:8: error: expected unqualified-id
extern NCURSES_EXPORT(int) addchstr (const chtype *);                   /* generated */
       ^
include/ncurses_dll.h:119:32: note: expanded from macro 'NCURSES_EXPORT'
#  define NCURSES_EXPORT(type) NCURSES_IMPEXP type NCURSES_API
                               ^
include/ncurses_dll.h:110:26: note: expanded from macro 'NCURSES_IMPEXP'
#  define NCURSES_IMPEXP @NCURSES_IMPEXP@
                         ^
In file included from configure:24217:
In file included from ./c++/etip.h.in:117:
/Applications/Xcode.app/Contents/Developer/Platforms/MacOSX.platform/Developer/SDKs/MacOSX.sdk/usr/include/curses.h:523:8: error: expected unqualified-id
extern NCURSES_EXPORT(int) addnstr (const char *, int);                 /* generated */
       ^
include/ncurses_dll.h:119:32: note: expanded from macro 'NCURSES_EXPORT'
#  define NCURSES_EXPORT(type) NCURSES_IMPEXP type NCURSES_API
                               ^
include/ncurses_dll.h:110:26: note: expanded from macro 'NCURSES_IMPEXP'
#  define NCURSES_IMPEXP @NCURSES_IMPEXP@
                         ^
In file included from configure:24217:
In file included from ./c++/etip.h.in:117:
/Applications/Xcode.app/Contents/Developer/Platforms/MacOSX.platform/Developer/SDKs/MacOSX.sdk/usr/include/curses.h:524:8: error: expected unqualified-id
extern NCURSES_EXPORT(int) addstr (const char *);                       /* generated */
       ^
include/ncurses_dll.h:119:32: note: expanded from macro 'NCURSES_EXPORT'
#  define NCURSES_EXPORT(type) NCURSES_IMPEXP type NCURSES_API
                               ^
include/ncurses_dll.h:110:26: note: expanded from macro 'NCURSES_IMPEXP'
#  define NCURSES_IMPEXP @NCURSES_IMPEXP@
                         ^
In file included from configure:24217:
In file included from ./c++/etip.h.in:117:
/Applications/Xcode.app/Contents/Developer/Platforms/MacOSX.platform/Developer/SDKs/MacOSX.sdk/usr/include/curses.h:525:8: error: expected unqualified-id
extern NCURSES_EXPORT(int) attroff (NCURSES_ATTR_T);                    /* generated */
       ^
include/ncurses_dll.h:119:32: note: expanded from macro 'NCURSES_EXPORT'
#  define NCURSES_EXPORT(type) NCURSES_IMPEXP type NCURSES_API
                               ^
include/ncurses_dll.h:110:26: note: expanded from macro 'NCURSES_IMPEXP'
#  define NCURSES_IMPEXP @NCURSES_IMPEXP@
                         ^
In file included from configure:24217:
In file included from ./c++/etip.h.in:117:
/Applications/Xcode.app/Contents/Developer/Platforms/MacOSX.platform/Developer/SDKs/MacOSX.sdk/usr/include/curses.h:526:8: error: expected unqualified-id
extern NCURSES_EXPORT(int) attron (NCURSES_ATTR_T);                     /* generated */
       ^
include/ncurses_dll.h:119:32: note: expanded from macro 'NCURSES_EXPORT'
#  define NCURSES_EXPORT(type) NCURSES_IMPEXP type NCURSES_API
                               ^
include/ncurses_dll.h:110:26: note: expanded from macro 'NCURSES_IMPEXP'
#  define NCURSES_IMPEXP @NCURSES_IMPEXP@
                         ^
In file included from configure:24217:
In file included from ./c++/etip.h.in:117:
/Applications/Xcode.app/Contents/Developer/Platforms/MacOSX.platform/Developer/SDKs/MacOSX.sdk/usr/include/curses.h:527:8: error: expected unqualified-id
extern NCURSES_EXPORT(int) attrset (NCURSES_ATTR_T);                    /* generated */
       ^
include/ncurses_dll.h:119:32: note: expanded from macro 'NCURSES_EXPORT'
#  define NCURSES_EXPORT(type) NCURSES_IMPEXP type NCURSES_API
                               ^
include/ncurses_dll.h:110:26: note: expanded from macro 'NCURSES_IMPEXP'
#  define NCURSES_IMPEXP @NCURSES_IMPEXP@
                         ^
In file included from configure:24217:
In file included from ./c++/etip.h.in:117:
/Applications/Xcode.app/Contents/Developer/Platforms/MacOSX.platform/Developer/SDKs/MacOSX.sdk/usr/include/curses.h:528:8: error: expected unqualified-id
extern NCURSES_EXPORT(int) attr_get (attr_t *, short *, void *);        /* generated */
       ^
include/ncurses_dll.h:119:32: note: expanded from macro 'NCURSES_EXPORT'
#  define NCURSES_EXPORT(type) NCURSES_IMPEXP type NCURSES_API
                               ^
include/ncurses_dll.h:110:26: note: expanded from macro 'NCURSES_IMPEXP'
#  define NCURSES_IMPEXP @NCURSES_IMPEXP@
                         ^
In file included from configure:24217:
In file included from ./c++/etip.h.in:117:
/Applications/Xcode.app/Contents/Developer/Platforms/MacOSX.platform/Developer/SDKs/MacOSX.sdk/usr/include/curses.h:529:8: error: expected unqualified-id
extern NCURSES_EXPORT(int) attr_off (attr_t, void *);                   /* generated */
       ^
include/ncurses_dll.h:119:32: note: expanded from macro 'NCURSES_EXPORT'
#  define NCURSES_EXPORT(type) NCURSES_IMPEXP type NCURSES_API
                               ^
include/ncurses_dll.h:110:26: note: expanded from macro 'NCURSES_IMPEXP'
#  define NCURSES_IMPEXP @NCURSES_IMPEXP@
                         ^
In file included from configure:24217:
In file included from ./c++/etip.h.in:117:
/Applications/Xcode.app/Contents/Developer/Platforms/MacOSX.platform/Developer/SDKs/MacOSX.sdk/usr/include/curses.h:530:8: error: expected unqualified-id
extern NCURSES_EXPORT(int) attr_on (attr_t, void *);                    /* generated */
       ^
include/ncurses_dll.h:119:32: note: expanded from macro 'NCURSES_EXPORT'
#  define NCURSES_EXPORT(type) NCURSES_IMPEXP type NCURSES_API
                               ^
include/ncurses_dll.h:110:26: note: expanded from macro 'NCURSES_IMPEXP'
#  define NCURSES_IMPEXP @NCURSES_IMPEXP@
                         ^
In file included from configure:24217:
In file included from ./c++/etip.h.in:117:
/Applications/Xcode.app/Contents/Developer/Platforms/MacOSX.platform/Developer/SDKs/MacOSX.sdk/usr/include/curses.h:531:8: error: expected unqualified-id
extern NCURSES_EXPORT(int) attr_set (attr_t, short, void *);            /* generated */
       ^
include/ncurses_dll.h:119:32: note: expanded from macro 'NCURSES_EXPORT'
#  define NCURSES_EXPORT(type) NCURSES_IMPEXP type NCURSES_API
                               ^
include/ncurses_dll.h:110:26: note: expanded from macro 'NCURSES_IMPEXP'
#  define NCURSES_IMPEXP @NCURSES_IMPEXP@
                         ^
In file included from configure:24217:
In file included from ./c++/etip.h.in:117:
/Applications/Xcode.app/Contents/Developer/Platforms/MacOSX.platform/Developer/SDKs/MacOSX.sdk/usr/include/curses.h:532:8: error: expected unqualified-id
extern NCURSES_EXPORT(int) baudrate (void);                             /* implemented */
       ^
include/ncurses_dll.h:119:32: note: expanded from macro 'NCURSES_EXPORT'
#  define NCURSES_EXPORT(type) NCURSES_IMPEXP type NCURSES_API
                               ^
include/ncurses_dll.h:110:26: note: expanded from macro 'NCURSES_IMPEXP'
#  define NCURSES_IMPEXP @NCURSES_IMPEXP@
                         ^
In file included from configure:24217:
In file included from ./c++/etip.h.in:117:
/Applications/Xcode.app/Contents/Developer/Platforms/MacOSX.platform/Developer/SDKs/MacOSX.sdk/usr/include/curses.h:533:8: error: expected unqualified-id
extern NCURSES_EXPORT(int) beep  (void);                                /* implemented */
       ^
include/ncurses_dll.h:119:32: note: expanded from macro 'NCURSES_EXPORT'
#  define NCURSES_EXPORT(type) NCURSES_IMPEXP type NCURSES_API
                               ^
include/ncurses_dll.h:110:26: note: expanded from macro 'NCURSES_IMPEXP'
#  define NCURSES_IMPEXP @NCURSES_IMPEXP@
                         ^
In file included from configure:24217:
In file included from ./c++/etip.h.in:117:
/Applications/Xcode.app/Contents/Developer/Platforms/MacOSX.platform/Developer/SDKs/MacOSX.sdk/usr/include/curses.h:534:8: error: expected unqualified-id
extern NCURSES_EXPORT(int) bkgd (chtype);                               /* generated */
       ^
include/ncurses_dll.h:119:32: note: expanded from macro 'NCURSES_EXPORT'
#  define NCURSES_EXPORT(type) NCURSES_IMPEXP type NCURSES_API
                               ^
include/ncurses_dll.h:110:26: note: expanded from macro 'NCURSES_IMPEXP'
#  define NCURSES_IMPEXP @NCURSES_IMPEXP@
                         ^
In file included from configure:24217:
In file included from ./c++/etip.h.in:117:
/Applications/Xcode.app/Contents/Developer/Platforms/MacOSX.platform/Developer/SDKs/MacOSX.sdk/usr/include/curses.h:535:8: error: expected unqualified-id
extern NCURSES_EXPORT(void) bkgdset (chtype);                           /* generated */
       ^
include/ncurses_dll.h:119:32: note: expanded from macro 'NCURSES_EXPORT'
#  define NCURSES_EXPORT(type) NCURSES_IMPEXP type NCURSES_API
                               ^
include/ncurses_dll.h:110:26: note: expanded from macro 'NCURSES_IMPEXP'
#  define NCURSES_IMPEXP @NCURSES_IMPEXP@
                         ^
In file included from configure:24217:
In file included from ./c++/etip.h.in:117:
/Applications/Xcode.app/Contents/Developer/Platforms/MacOSX.platform/Developer/SDKs/MacOSX.sdk/usr/include/curses.h:536:8: error: expected unqualified-id
extern NCURSES_EXPORT(int) border (chtype,chtype,chtype,chtype,chtype,chtype,chtype,chtype);    /* generated */
       ^
include/ncurses_dll.h:119:32: note: expanded from macro 'NCURSES_EXPORT'
#  define NCURSES_EXPORT(type) NCURSES_IMPEXP type NCURSES_API
                               ^
include/ncurses_dll.h:110:26: note: expanded from macro 'NCURSES_IMPEXP'
#  define NCURSES_IMPEXP @NCURSES_IMPEXP@
                         ^
fatal error: too many errors emitted, stopping now [-ferror-limit=]
20 errors generated.
configure:24232: $? = 1
configure: failed program was:
#line 24215 "configure"
#include "confdefs.h"

#include <etip.h.in>

int
main (void)
{

  ;
  return 0;
}
configure:24259: result: none
configure:24264: checking if /usr/bin/g++ accepts parameter initialization
configure:24300: /usr/bin/g++ -o conftest -O2 -D_DARWIN_C_SOURCE -DNDEBUG  -Wl,-search_paths_first conftest.cc  >&5
configure:24291:16: error: redefinition of default argument
TEST::TEST(int x = 1)   // some compilers do not like second initializer
               ^   ~
configure:24287:11: note: previous definition is here
        TEST(int x = 1);
                 ^   ~
1 error generated.
configure:24303: $? = 1
configure: program exited with status 1
configure: failed program was:
#line 24281 "configure"
#include "confdefs.h"

class TEST {
private:
	int value;
public:
	TEST(int x = 1);
	~TEST();
};

TEST::TEST(int x = 1)	// some compilers do not like second initializer
{
	value = x;
}
int main(void) { }

configure:24327: result: no
configure:24337: checking if /usr/bin/g++ accepts static_cast
configure:24395: /usr/bin/g++ -c -O2 -D_DARWIN_C_SOURCE -DNDEBUG conftest.cc >&5
configure:24398: $? = 0
configure:24401: test -s conftest.o
configure:24404: $? = 0
configure:24422: result: yes
configure:24614: checking for gnat
configure:24643: result: no
configure:24614: checking for gnatmake
configure:24643: result: no
configure:24614: checking for gprconfig
configure:24643: result: no
configure:24614: checking for gprbuild
configure:24643: result: no
configure:25482: checking for library subsets
configure:25524: result: ticlib+termlib+ext_tinfo+base+ext_funcs
configure:25555: checking default library suffix
configure:25566: result: 
configure:25569: checking default library-dependency suffix
configure:25652: result: .a
configure:25655: checking default object directory
configure:25671: result: objects
configure:25675: checking c++ library-dependency suffix
configure:25768: result: .a
configure:26033: checking where we will install curses.h
configure:26043: result: ${prefix}/include/ncurses
configure:26068: checking for desired basename for form library
configure:26088: result: form
configure:26091: checking for desired basename for menu library
configure:26111: result: menu
configure:26114: checking for desired basename for panel library
configure:26134: result: panel
configure:26137: checking for desired basename for cxx library
configure:26157: result: ncurses++
configure:26163: checking for src modules
configure:26232: result: ncurses progs panel menu form
configure:26504: checking for defines to add to ncurses6-config script
configure:26520: result:  -D_DARWIN_C_SOURCE
configure:26608: checking for linker search path
configure:26672: result: $HOME/lib /usr/local/lib /usr/lib
configure:26762: creating ./config.status

## ----------------------- ##
## Running config.status.  ##
## ----------------------- ##

This file was extended by config.status 2.52.20200111, executed with
  CONFIG_FILES    = 
  CONFIG_HEADERS  = 
  CONFIG_LINKS    = 
  CONFIG_COMMANDS = 
  > ./config.status 
on Leos-MBP

config.status:27578: creating include/MKterm.h.awk
config.status:27578: creating include/curses.head
config.status:27578: creating include/ncurses_dll.h
config.status:27578: creating include/termcap.h
config.status:27578: creating include/unctrl.h
config.status:27578: creating man/Makefile
config.status:27578: creating include/Makefile
config.status:27578: creating ncurses/Makefile
config.status:27578: creating progs/Makefile
config.status:27578: creating panel/Makefile
config.status:27578: creating menu/Makefile
config.status:27578: creating form/Makefile
config.status:27578: creating test/Makefile
config.status:27578: creating misc/Makefile
config.status:27578: creating c++/Makefile
config.status:27578: creating misc/run_tic.sh
config.status:27578: creating misc/ncurses-config
config.status:27578: creating man/ncurses6-config.1
config.status:27578: creating Makefile
config.status:27731: creating include/ncurses_cfg.h

## ----------------- ##
## Cache variables.  ##
## ----------------- ##

ac_cv_build=x86_64-apple-darwin19.4.0
ac_cv_build_alias=x86_64-apple-darwin19.4.0
ac_cv_c_compiler_gnu=yes
ac_cv_c_const=yes
ac_cv_c_inline=inline
ac_cv_cxx_compiler_gnu=yes
ac_cv_env_CC_set=
ac_cv_env_CC_value=
ac_cv_env_CFLAGS_set=
ac_cv_env_CFLAGS_value=
ac_cv_env_CPPFLAGS_set=
ac_cv_env_CPPFLAGS_value=
ac_cv_env_CPP_set=
ac_cv_env_CPP_value=
ac_cv_env_CXXCPP_set=
ac_cv_env_CXXCPP_value=
ac_cv_env_CXXFLAGS_set=
ac_cv_env_CXXFLAGS_value=
ac_cv_env_CXX_set=
ac_cv_env_CXX_value=
ac_cv_env_LDFLAGS_set=
ac_cv_env_LDFLAGS_value=
ac_cv_env_build_alias_set=
ac_cv_env_build_alias_value=
ac_cv_env_host_alias_set=
ac_cv_env_host_alias_value=
ac_cv_env_target_alias_set=
ac_cv_env_target_alias_value=
ac_cv_func_fork=yes
ac_cv_func_fork_works=yes
ac_cv_func_fseeko=yes
ac_cv_func_getcwd=yes
ac_cv_func_getegid=yes
ac_cv_func_getenv=yes
ac_cv_func_geteuid=yes
ac_cv_func_getopt=yes
ac_cv_func_gettimeofday=yes
ac_cv_func_getttynam=yes
ac_cv_func_issetugid=yes
ac_cv_func_link=yes
ac_cv_func_localeconv=yes
ac_cv_func_memmove=yes
ac_cv_func_poll=yes
ac_cv_func_putenv=yes
ac_cv_func_regcomp=yes
ac_cv_func_remove=yes
ac_cv_func_select=yes
ac_cv_func_setbuf=yes
ac_cv_func_setbuffer=yes
ac_cv_func_setenv=yes
ac_cv_func_setvbuf=yes
ac_cv_func_setvbuf_reversed=no
ac_cv_func_sigaction=yes
ac_cv_func_sigvec=yes
ac_cv_func_strdup=yes
ac_cv_func_strstr=yes
ac_cv_func_symlink=yes
ac_cv_func_sysconf=yes
ac_cv_func_tcgetpgrp=yes
ac_cv_func_times=yes
ac_cv_func_tsearch=yes
ac_cv_func_unlink=yes
ac_cv_func_vfork=yes
ac_cv_func_vfork_works=yes
ac_cv_func_vsnprintf=yes
ac_cv_header_dirent_dirent_h=yes
ac_cv_header_fcntl_h=yes
ac_cv_header_getopt_h=yes
ac_cv_header_gpm_h=no
ac_cv_header_inttypes_h=yes
ac_cv_header_iostream=yes
ac_cv_header_limits_h=yes
ac_cv_header_locale_h=yes
ac_cv_header_math_h=yes
ac_cv_header_memory_h=yes
ac_cv_header_poll_h=yes
ac_cv_header_stdc=yes
ac_cv_header_stdint_h=yes
ac_cv_header_stdlib_h=yes
ac_cv_header_string_h=yes
ac_cv_header_strings_h=yes
ac_cv_header_sys_bsdtypes_h=no
ac_cv_header_sys_ioctl_h=yes
ac_cv_header_sys_param_h=yes
ac_cv_header_sys_poll_h=yes
ac_cv_header_sys_select_h=yes
ac_cv_header_sys_stat_h=yes
ac_cv_header_sys_termio_h=no
ac_cv_header_sys_time_h=yes
ac_cv_header_sys_times_h=yes
ac_cv_header_sys_types_h=yes
ac_cv_header_termio_h=no
ac_cv_header_termios_h=yes
ac_cv_header_time=yes
ac_cv_header_ttyent_h=yes
ac_cv_header_typeinfo=yes
ac_cv_header_unistd_h=yes
ac_cv_header_vfork_h=no
ac_cv_header_wctype_h=yes
ac_cv_host=x86_64-apple-darwin19.4.0
ac_cv_host_alias=x86_64-apple-darwin19.4.0
ac_cv_lib_dir_opendir=no
ac_cv_lib_util_openpty=yes
ac_cv_objext=o
ac_cv_path_CXX=/usr/bin/g++
ac_cv_path_ac_pt_PKG_CONFIG=/usr/local/bin/pkg-config
ac_cv_path_install='/usr/bin/install -c'
ac_cv_prog_AWK=awk
ac_cv_prog_CPP='gcc -E'
ac_cv_prog_CTAGS=ctags
ac_cv_prog_CXXCPP='/usr/bin/g++ -E'
ac_cv_prog_MAKE_LOWER_TAGS=yes
ac_cv_prog_ac_ct_AR=ar
ac_cv_prog_ac_ct_CC=gcc
ac_cv_prog_ac_ct_CXX=g++
ac_cv_prog_ac_ct_LD=ld
ac_cv_prog_ac_ct_NM=nm
ac_cv_prog_ac_ct_RANLIB=ranlib
ac_cv_prog_cc_g=yes
ac_cv_prog_cc_stdc=
ac_cv_prog_cxx_g=yes
ac_cv_prog_egrep='grep -E'
ac_cv_prog_gcc_traditional=no
ac_cv_prog_make_make_set=yes
ac_cv_sizeof_signed_char=1
ac_cv_sys_file_offset_bits=no
ac_cv_sys_large_files=no
ac_cv_sys_largefile_CC=no
ac_cv_sys_largefile_source=no
ac_cv_sys_long_file_names=yes
ac_cv_target=x86_64-apple-darwin19.4.0
ac_cv_target_alias=x86_64-apple-darwin19.4.0
ac_cv_type_intptr_t=yes
ac_cv_type_pid_t=yes
ac_cv_type_signed_char=yes
ac_cv_type_ssize_t=yes
am_cv_langinfo_codeset=yes
cf_cv_1UL=1U
cf_cv_PATH_GNAT=no
cf_cv_PATH_GNATMAKE=no
cf_cv_PATH_GPRBUILD=no
cf_cv_PATH_GPRCONFIG=no
cf_cv_VERSION_GNAT=no
cf_cv_VERSION_GNATMAKE=no
cf_cv_VERSION_GPRBUILD=no
cf_cv_VERSION_GPRCONFIG=no
cf_cv_abi_version=6
cf_cv_ar_flags=-curv
cf_cv_builtin_bool=1
cf_cv_cc_bool_type=0
cf_cv_consistent_getenv=yes
cf_cv_cpp_param_init=no
cf_cv_cpp_static_cast=yes
cf_cv_dcl_environ=no
cf_cv_dcl_errno=yes
cf_cv_define_sigwinch=yes
cf_cv_do_reranlib=no
cf_cv_do_symlinks=yes
cf_cv_enable_lp64=1
cf_cv_enable_opaque=NCURSES_OPAQUE
cf_cv_enable_reentrant=0
cf_cv_fopen_bin_r=yes
cf_cv_func_mkstemp=yes
cf_cv_func_nanosleep=yes
cf_cv_func_openpty=util.h
cf_cv_func_vsscanf=vsscanf
cf_cv_getopt_header=unistd.h
cf_cv_have_environ=yes
cf_cv_have_errno=yes
cf_cv_have_isascii=yes
cf_cv_have_tcgetattr=yes
cf_cv_have_va_copy=yes
cf_cv_header_stdbool_h=1
cf_cv_install_p=yes
cf_cv_ld_searchpath='$HOME/lib /usr/local/lib /usr/lib'
cf_cv_ldflags_search_paths_first=yes
cf_cv_lib_util=yes
cf_cv_link_dataonly=yes
cf_cv_link_funcs=' link symlink'
cf_cv_makeflags=
cf_cv_mixedcase=no
cf_cv_need_libm=no
cf_cv_posix_visible=no
cf_cv_prog_CC_c_o=yes
cf_cv_prog_CXX_c_o=yes
cf_cv_prog_gnat_correct=no
cf_cv_regex_hdrs=regex.h
cf_cv_rel_version=6.2
cf_cv_rm_so_locs=no
cf_cv_shlib_version=abi
cf_cv_shlib_version_infix=yes
cf_cv_sig_atomic_t='volatile sig_atomic_t'
cf_cv_sizechange=yes
cf_cv_src_modules='ncurses progs panel menu form'
cf_cv_struct_dirent64=no
cf_cv_sys_time_select=yes
cf_cv_system_name=darwin19.4.0
cf_cv_timestamp='Fri Apr 10 20:22:38 EDT 2020'
cf_cv_type_of_bool='unsigned char'
cf_cv_type_sigaction=no
cf_cv_typeof_chtype=uint32_t
cf_cv_typeof_mmask_t=uint32_t
cf_cv_unsigned_literals=yes
cf_cv_working_poll=no

## ------------ ##
## confdefs.h.  ##
## ------------ ##

#define PACKAGE "ncurses"
#define NCURSES_VERSION "6.2"
#define NCURSES_PATCHDATE 20200404
#define SYSTEM_NAME "darwin19.4.0"
#ifdef __cplusplus
#include <stdlib.h>
#endif
#define HAVE_LONG_FILE_NAMES 1
#define TERMINFO_DIRS "/usr/local/share/terminfo"
#define TERMINFO "/usr/local/share/terminfo"
#define HAVE_BIG_CORE 1
#define PURE_TERMINFO 1
#define USE_HOME_TERMINFO 1
#define USE_ROOT_ENVIRON 1
#define HAVE_UNISTD_H 1
#define HAVE_REMOVE 1
#define HAVE_UNLINK 1
#define HAVE_LINK 1
#define HAVE_SYMLINK 1
#define USE_LINKS 1
#define HAVE_LANGINFO_CODESET 1
#define HAVE_FSEEKO 1
#define RGB_PATH "/usr/lib64/X11/rgb.txt"
#define STDC_HEADERS 1
#define HAVE_SYS_TYPES_H 1
#define HAVE_SYS_STAT_H 1
#define HAVE_STDLIB_H 1
#define HAVE_STRING_H 1
#define HAVE_MEMORY_H 1
#define HAVE_STRINGS_H 1
#define HAVE_INTTYPES_H 1
#define HAVE_STDINT_H 1
#define HAVE_UNISTD_H 1
#define SIZEOF_SIGNED_CHAR 1
#define NCURSES_EXT_FUNCS 1
#define HAVE_ASSUME_DEFAULT_COLORS 1
#define HAVE_CURSES_VERSION 1
#define HAVE_HAS_KEY 1
#define HAVE_RESIZETERM 1
#define HAVE_RESIZE_TERM 1
#define HAVE_TERM_ENTRY_H 1
#define HAVE_USE_DEFAULT_COLORS 1
#define HAVE_USE_EXTENDED_NAMES 1
#define HAVE_USE_SCREEN 1
#define HAVE_USE_WINDOW 1
#define HAVE_WRESIZE 1
#define NCURSES_SP_FUNCS 1
#define HAVE_TPUTS_SP 1
#define NCURSES_EXT_PUTWIN 1
#define NCURSES_NO_PADDING 1
#define USE_SIGWINCH 1
#define NCURSES_WRAP_PREFIX "_nc_"
#define USE_ASSUMED_COLOR 1
#define USE_HASHMAP 1
#define GCC_SCANF 1
#define GCC_SCANF 1
#define GCC_SCANFLIKE(fmt,var) __attribute__((format(scanf,fmt,var)))
#define GCC_PRINTF 1
#define GCC_PRINTF 1
#define GCC_PRINTFLIKE(fmt,var) __attribute__((format(printf,fmt,var)))
#define GCC_UNUSED __attribute__((unused))
#define GCC_UNUSED __attribute__((unused))
#define GCC_NORETURN __attribute__((noreturn))
#define GCC_NORETURN __attribute__((noreturn))
#define HAVE_NC_ALLOC_H 1
#define HAVE_GETTIMEOFDAY 1
#define STDC_HEADERS 1
#define HAVE_DIRENT_H 1
#define TIME_WITH_SYS_TIME 1
#define HAVE_REGEX_H_FUNCS 1
#define HAVE_FCNTL_H 1
#define HAVE_GETOPT_H 1
#define HAVE_LIMITS_H 1
#define HAVE_LOCALE_H 1
#define HAVE_MATH_H 1
#define HAVE_POLL_H 1
#define HAVE_SYS_IOCTL_H 1
#define HAVE_SYS_PARAM_H 1
#define HAVE_SYS_POLL_H 1
#define HAVE_SYS_SELECT_H 1
#define HAVE_SYS_TIME_H 1
#define HAVE_SYS_TIMES_H 1
#define HAVE_TTYENT_H 1
#define HAVE_UNISTD_H 1
#define HAVE_WCTYPE_H 1
#define HAVE_UNISTD_H 1
#define HAVE_GETOPT_H 1
#define HAVE_GETOPT_HEADER 1
#define DECL_ENVIRON 1
#define HAVE_ENVIRON 1
#define HAVE_PUTENV 1
#define HAVE_SETENV 1
#define HAVE_STRDUP 1
#define HAVE_SYS_TIME_SELECT 1
#define SIG_ATOMIC_T volatile sig_atomic_t
#define HAVE_ERRNO 1
#define HAVE_GETCWD 1
#define HAVE_GETEGID 1
#define HAVE_GETEUID 1
#define HAVE_GETOPT 1
#define HAVE_GETTTYNAM 1
#define HAVE_ISSETUGID 1
#define HAVE_LOCALECONV 1
#define HAVE_POLL 1
#define HAVE_PUTENV 1
#define HAVE_REMOVE 1
#define HAVE_SELECT 1
#define HAVE_SETBUF 1
#define HAVE_SETBUFFER 1
#define HAVE_SETENV 1
#define HAVE_SETVBUF 1
#define HAVE_SIGACTION 1
#define HAVE_SIGVEC 1
#define HAVE_STRDUP 1
#define HAVE_STRSTR 1
#define HAVE_SYSCONF 1
#define HAVE_TCGETPGRP 1
#define HAVE_TIMES 1
#define HAVE_TSEARCH 1
#define HAVE_VSNPRINTF 1
#define HAVE_ISASCII 1
#define HAVE_NANOSLEEP 1
#define HAVE_TERMIOS_H 1
#define HAVE_UNISTD_H 1
#define HAVE_SYS_IOCTL_H 1
#define HAVE_TCGETATTR 1
#define HAVE_VSSCANF 1
#define HAVE_UNISTD_H 1
#define HAVE_MKSTEMP 1
#define HAVE_SIZECHANGE 1
#define HAVE_VA_COPY 1
#define HAVE_UNISTD_H 1
#define HAVE_FORK 1
#define HAVE_VFORK 1
#define HAVE_WORKING_VFORK 1
#define HAVE_WORKING_FORK 1
#define USE_FOPEN_BIN_R 1
#define USE_OPENPTY_HEADER <util.h>
#define USE_XTERM_PTY 1
#define HAVE_TYPEINFO 1
#define HAVE_IOSTREAM 1
#define IOSTREAM_NAMESPACE 1
#define CPP_HAS_STATIC_CAST 1
#define HAVE_SLK_COLOR 1
#define HAVE_PANEL_H 1
#define HAVE_LIBPANEL 1
#define HAVE_MENU_H 1
#define HAVE_LIBMENU 1
#define HAVE_FORM_H 1
#define HAVE_LIBFORM 1
#define NCURSES_PATHSEP ':'
#define NCURSES_VERSION_STRING "6.2.20200404"
#define NCURSES_OSPEED_COMPAT 1
#define HAVE_CURSES_DATA_BOOLNAMES 1


configure: exit 0
